	Command being timed: "/home/erikg/.cargo/bin/impg graph-report -g /home/erikg/impg/data/c4_whole_region_sweepga_seed_20260603T092921Z/graphs/one_many_minmatch1_scaffold0.initial.gfa -o data/c4_threshold_sweep_20260603T154441Z/seed.graph-report.tsv --format tsv --top 20 -t 32 -v 1"
	User time (seconds): 8.70
	System time (seconds): 1.43
	Percent of CPU this job got: 100%
	Elapsed (wall clock) time (h:mm:ss or m:ss): 0:10.13
	Average shared text size (kbytes): 0
	Average unshared data size (kbytes): 0
	Average stack size (kbytes): 0
	Average total size (kbytes): 0
	Maximum resident set size (kbytes): 1555184
	Average resident set size (kbytes): 0
	Major (requiring I/O) page faults: 0
	Minor (reclaiming a frame) page faults: 707115
	Voluntary context switches: 63
	Involuntary context switches: 28
	Swaps: 0
	File system inputs: 0
	File system outputs: 8
	Socket messages sent: 0
	Socket messages received: 0
	Signals delivered: 0
	Page size (bytes): 4096
	Exit status: 0
