[2026-06-03T15:52:40Z INFO  gfalook] Starting visualization...
[2026-06-03T15:52:40Z INFO  gfalook] Loading GFA file...
[2026-06-03T15:52:40Z INFO  gfalook] Found 8573 segments, total length: 241841 bp
[2026-06-03T15:52:40Z INFO  gfalook] Found 465 paths, 11833 edges
[2026-06-03T15:52:40Z INFO  gfalook] Rendering image...
[2026-06-03T15:52:42Z INFO  gfalook] Saving to "/home/erikg/impg/.wg-worktrees/agent-450/data/c4_threshold_sweep_20260603T154441Z/poasta_median1000/c4-smallbubble-poasta-median1000.png"...
[2026-06-03T15:52:42Z INFO  gfalook] Done.
	Command being timed: "gfalook -i /home/erikg/impg/.wg-worktrees/agent-450/data/c4_threshold_sweep_20260603T154441Z/poasta_median1000/poasta_median1000.Ygs.gfa -o /home/erikg/impg/.wg-worktrees/agent-450/data/c4_threshold_sweep_20260603T154441Z/poasta_median1000/c4-smallbubble-poasta-median1000.png -m -x 2200 -y 1200"
	User time (seconds): 1.98
	System time (seconds): 0.20
	Percent of CPU this job got: 99%
	Elapsed (wall clock) time (h:mm:ss or m:ss): 0:02.18
	Average shared text size (kbytes): 0
	Average unshared data size (kbytes): 0
	Average stack size (kbytes): 0
	Average total size (kbytes): 0
	Maximum resident set size (kbytes): 196608
	Average resident set size (kbytes): 0
	Major (requiring I/O) page faults: 0
	Minor (reclaiming a frame) page faults: 58331
	Voluntary context switches: 1
	Involuntary context switches: 7
	Swaps: 0
	File system inputs: 0
	File system outputs: 2272
	Socket messages sent: 0
	Socket messages received: 0
	Signals delivered: 0
	Page size (bytes): 4096
	Exit status: 0
