[gfasort] reading /home/erikg/impg/.wg-worktrees/agent-450/data/c4_threshold_sweep_20260603T154441Z/poasta_median1000/poasta_median1000.gfa
[gfasort] loaded 8573 nodes, 11833 edges, 465 paths
[gfasort] [1/3] SGD
[path_sgd] iteration 10/100, updates this iter: 4659000
[path_sgd] iteration 20/100, updates this iter: 4657000
[path_sgd] iteration 30/100, updates this iter: 4640000
[path_sgd] iteration 40/100, updates this iter: 4662000
[path_sgd] iteration 50/100, updates this iter: 4663000
[path_sgd] iteration 60/100, updates this iter: 4647000
[path_sgd] iteration 70/100, updates this iter: 4631000
[path_sgd] iteration 80/100, updates this iter: 4638000
[path_sgd] iteration 90/100, updates this iter: 4642000
[path_sgd] iteration 100/100, updates this iter: 4659000
[path_sgd] Completed 101 iterations
[path_sgd] Checker thread exiting, final iteration: 101
[gfasort] [2/3] groom
[gfasort] [3/3] topo-sort
[gfasort] writing /home/erikg/impg/.wg-worktrees/agent-450/data/c4_threshold_sweep_20260603T154441Z/poasta_median1000/poasta_median1000.Ygs.gfa
[gfasort] done
	Command being timed: "gfasort -i /home/erikg/impg/.wg-worktrees/agent-450/data/c4_threshold_sweep_20260603T154441Z/poasta_median1000/poasta_median1000.gfa -o /home/erikg/impg/.wg-worktrees/agent-450/data/c4_threshold_sweep_20260603T154441Z/poasta_median1000/poasta_median1000.Ygs.gfa -p Ygs -t 32"
	User time (seconds): 263.83
	System time (seconds): 0.92
	Percent of CPU this job got: 1895%
	Elapsed (wall clock) time (h:mm:ss or m:ss): 0:13.97
	Average shared text size (kbytes): 0
	Average unshared data size (kbytes): 0
	Average stack size (kbytes): 0
	Average total size (kbytes): 0
	Maximum resident set size (kbytes): 253600
	Average resident set size (kbytes): 0
	Major (requiring I/O) page faults: 0
	Minor (reclaiming a frame) page faults: 253594
	Voluntary context switches: 7902
	Involuntary context switches: 291
	Swaps: 0
	File system inputs: 0
	File system outputs: 54288
	Socket messages sent: 0
	Socket messages received: 0
	Signals delivered: 0
	Page size (bytes): 4096
	Exit status: 0
