[2026-06-03T15:47:09Z INFO  impg::resolution] crush: parsing input GFA (27873179 bytes) before bubble decomposition
[2026-06-03T15:47:09Z INFO  impg::resolution] crush: parsed input GFA into 8186 segment(s), 465 path(s) in 163.83ms
[2026-06-03T15:47:09Z INFO  impg::resolution] crush: initial next_id=8187 (input has 8186 segment(s), max integer id=8186)
[2026-06-03T15:47:09Z INFO  impg::resolution] crush config: method=Poa, polish=Poa, poa-scoring=1,4,6,2,26,1
[2026-06-03T15:47:09Z INFO  impg::resolution] crush discovery: rendering working graph with 8186 segment(s), 465 path(s)
[2026-06-03T15:47:10Z INFO  impg::resolution] crush discovery: parsing rendered graph with POVU (27873179 bytes)
[2026-06-03T15:47:11Z INFO  impg::resolution] crush discovery: decomposing rendered graph with POVU using root 'CHM13#0#chr6:31744284-31976975(+)'
[2026-06-03T15:47:12Z INFO  impg::resolution] crush tree: initial POVU on input found 3080 site(s), 2575 polymorphic candidate(s) of which 1742 are roots (level==0)
[2026-06-03T15:47:12Z INFO  impg::resolution] crush tree: built initial forest with 2575 node(s), 1774 root(s)
[2026-06-03T15:47:13Z INFO  impg::resolution] crush discovery: rendering working graph with 8186 segment(s), 465 path(s)
[2026-06-03T15:47:14Z INFO  impg::resolution] crush discovery: parsing rendered graph with POVU (27873179 bytes)
[2026-06-03T15:47:15Z INFO  impg::resolution] crush discovery: decomposing rendered graph with POVU using root 'CHM13#0#chr6:31744284-31976975(+)'
[2026-06-03T15:47:16Z INFO  impg::resolution] crush discovery detail: render 1.50s, povu-parse 989.08ms, povu-decompose 195.03ms, id-map 584.39µs, path-index 15.19ms, candidate-build 29.02ms, select+materialize 105.28ms (831 -> 748 selected, materialize 8.30ms); leaves=0
[2026-06-03T15:47:16Z INFO  impg::resolution] crush round 1: 3080 POVU site(s) on working graph, 1774 candidate(s) (round 1 / initial POVU on input → roots), 748 selected in 3.41s
[2026-06-03T15:47:16Z INFO  impg::resolution] crush round 1 traversal stats: selected n=748, max-len median/max=152/957, median-len median/max=152/957, p90-len median/max=152/957, traversals max=465, total max=445005, step-savings max=2785, root-span max=957
[2026-06-03T15:47:17Z INFO  impg::resolution] crush round 1: replacement build progress 25/748 (accepted)
[2026-06-03T15:47:17Z INFO  impg::resolution] crush round 1: replacement build progress 50/748 (accepted)
[2026-06-03T15:47:17Z INFO  impg::resolution] crush round 1: replacement build progress 75/748 (accepted)
[2026-06-03T15:47:17Z INFO  impg::resolution] crush round 1: replacement build progress 100/748 (accepted)
[2026-06-03T15:47:17Z INFO  impg::resolution] crush round 1: replacement build progress 125/748 (accepted)
[2026-06-03T15:47:17Z INFO  impg::resolution] crush round 1: replacement build progress 150/748 (accepted)
[2026-06-03T15:47:17Z INFO  impg::resolution] crush round 1: replacement build progress 175/748 (accepted)
[2026-06-03T15:47:17Z INFO  impg::resolution] crush round 1: replacement build progress 200/748 (accepted)
[2026-06-03T15:47:17Z INFO  impg::resolution] crush round 1: replacement build progress 225/748 (accepted)
[2026-06-03T15:47:17Z INFO  impg::resolution] crush round 1: replacement build progress 250/748 (accepted)
[2026-06-03T15:47:17Z INFO  impg::resolution] crush round 1: replacement build progress 275/748 (accepted)
[2026-06-03T15:47:17Z INFO  impg::resolution] crush round 1: replacement build progress 300/748 (accepted)
[2026-06-03T15:47:18Z INFO  impg::resolution] crush round 1: replacement build progress 325/748 (accepted)
[2026-06-03T15:47:18Z INFO  impg::resolution] crush round 1: replacement build progress 350/748 (accepted)
[2026-06-03T15:47:18Z INFO  impg::resolution] crush round 1: replacement build progress 375/748 (accepted)
[2026-06-03T15:47:18Z INFO  impg::resolution] crush round 1: replacement build progress 400/748 (accepted)
[2026-06-03T15:47:18Z INFO  impg::resolution] crush round 1: replacement build progress 425/748 (accepted)
[2026-06-03T15:47:18Z INFO  impg::resolution] crush round 1: replacement build progress 450/748 (accepted)
[2026-06-03T15:47:18Z INFO  impg::resolution] crush round 1: replacement build progress 475/748 (accepted)
[2026-06-03T15:47:18Z INFO  impg::resolution] crush round 1: replacement build progress 500/748 (accepted)
[2026-06-03T15:47:18Z INFO  impg::resolution] crush round 1: replacement build progress 525/748 (accepted)
[2026-06-03T15:47:18Z INFO  impg::resolution] crush round 1: replacement build progress 550/748 (accepted)
[2026-06-03T15:47:18Z INFO  impg::resolution] crush round 1: replacement build progress 575/748 (accepted)
[2026-06-03T15:47:18Z INFO  impg::resolution] crush round 1: replacement build progress 600/748 (accepted)
[2026-06-03T15:47:18Z INFO  impg::resolution] crush round 1: replacement build progress 625/748 (accepted)
[2026-06-03T15:47:18Z INFO  impg::resolution] crush round 1: replacement build progress 650/748 (accepted)
[2026-06-03T15:47:18Z INFO  impg::resolution] crush round 1: replacement build progress 675/748 (accepted)
[2026-06-03T15:47:19Z INFO  impg::resolution] crush round 1: replacement build progress 700/748 (accepted)
[2026-06-03T15:47:19Z INFO  impg::resolution] crush round 1: replacement build progress 725/748 (accepted)
[2026-06-03T15:47:19Z INFO  impg::resolution] crush round 1: replacement build progress 748/748 (accepted)
[2026-06-03T15:47:19Z INFO  impg::resolution] crush round 1: replacement compression diagnostics: ratio input/output n=748, min=30.617, p50=461.961, p90=463.943, max=464.991, mean=421.184, output-bp replacement n=748, min=3, p50=153, p90=416, max=958, total=146609; threshold=disabled (diagnostic only); no alternate aligner attempted and no replacement was rejected by ratio
[2026-06-03T15:47:22Z INFO  impg::resolution] crush round 1: 748 resolved (from sites discovered by re-POVU on round initial POVU on input local subgraphs); local POVU yielded 693 child key(s) (17 new + 676 reused) in 52.34ms
[2026-06-03T15:47:22Z INFO  impg::resolution] crush round 1: resolved 748/748 replacement(s) in 2.70s; rewrite+validate 2.04s; total 9.33s; ids minted 8187..11522; quality score=228033747, segments=8186, segment-bp=232093, links=11303, path-steps=4632725, mean-node-coverage=565.93, bp-weighted-node-coverage=459.68, node-coverage-p10/median/p90=1/464/931, singleton-nodes=926 (2808bp), high-coverage-nodes>=233=5823 (194929bp), trivial_stringy=0, ws-total=35157624678, ws-p99=189754, ws-max=217619, ws-long>=10000bp=208320 -> score=100055599, segments=8869, segment-bp=238257, links=12129, path-steps=4776651, mean-node-coverage=538.58, bp-weighted-node-coverage=447.79, node-coverage-p10/median/p90=1/464/930, singleton-nodes=956 (3095bp), high-coverage-nodes>=233=6216 (195023bp), trivial_stringy=9, ws-total=8814343881, ws-p99=81518, ws-max=237899, ws-long>=10000bp=96888
[2026-06-03T15:47:22Z INFO  impg::resolution] crush discovery: rendering working graph with 8869 segment(s), 465 path(s)
[2026-06-03T15:47:24Z INFO  impg::resolution] crush discovery: parsing rendered graph with POVU (29414071 bytes)
[2026-06-03T15:47:25Z INFO  impg::resolution] crush discovery: decomposing rendered graph with POVU using root 'CHM13#0#chr6:31744284-31976975(+)'
[2026-06-03T15:47:25Z INFO  impg::resolution] crush discovery detail: render 1.50s, povu-parse 897.45ms, povu-decompose 196.54ms, id-map 686.83µs, path-index 9.86ms, candidate-build 26.49ms, select+materialize 60.59ms (674 -> 597 selected, materialize 5.70ms); leaves=0
[2026-06-03T15:47:25Z INFO  impg::resolution] crush round 2: 3161 POVU site(s) on working graph, 875 candidate(s) (round 2 / strictly inside round 1 resolved bp regions), 597 selected in 3.18s
[2026-06-03T15:47:25Z INFO  impg::resolution] crush round 2 traversal stats: selected n=597, max-len median/max=170/780, median-len median/max=170/780, p90-len median/max=170/780, traversals max=465, total max=362700, step-savings max=964, root-span max=780
[2026-06-03T15:47:25Z INFO  impg::resolution] crush round 2: replacement build progress 25/597 (accepted)
[2026-06-03T15:47:26Z INFO  impg::resolution] crush round 2: replacement build progress 50/597 (accepted)
[2026-06-03T15:47:26Z INFO  impg::resolution] crush round 2: replacement build progress 75/597 (accepted)
[2026-06-03T15:47:26Z INFO  impg::resolution] crush round 2: replacement build progress 100/597 (accepted)
[2026-06-03T15:47:26Z INFO  impg::resolution] crush round 2: replacement build progress 125/597 (accepted)
[2026-06-03T15:47:26Z INFO  impg::resolution] crush round 2: replacement build progress 150/597 (accepted)
[2026-06-03T15:47:26Z INFO  impg::resolution] crush round 2: replacement build progress 175/597 (accepted)
[2026-06-03T15:47:26Z INFO  impg::resolution] crush round 2: replacement build progress 200/597 (accepted)
[2026-06-03T15:47:26Z INFO  impg::resolution] crush round 2: replacement build progress 225/597 (accepted)
[2026-06-03T15:47:26Z INFO  impg::resolution] crush round 2: replacement build progress 250/597 (accepted)
[2026-06-03T15:47:26Z INFO  impg::resolution] crush round 2: replacement build progress 275/597 (accepted)
[2026-06-03T15:47:26Z INFO  impg::resolution] crush round 2: replacement build progress 300/597 (accepted)
[2026-06-03T15:47:26Z INFO  impg::resolution] crush round 2: replacement build progress 325/597 (accepted)
[2026-06-03T15:47:26Z INFO  impg::resolution] crush round 2: replacement build progress 350/597 (accepted)
[2026-06-03T15:47:26Z INFO  impg::resolution] crush round 2: replacement build progress 375/597 (accepted)
[2026-06-03T15:47:26Z INFO  impg::resolution] crush round 2: replacement build progress 400/597 (accepted)
[2026-06-03T15:47:27Z INFO  impg::resolution] crush round 2: replacement build progress 425/597 (accepted)
[2026-06-03T15:47:27Z INFO  impg::resolution] crush round 2: replacement build progress 450/597 (accepted)
[2026-06-03T15:47:27Z INFO  impg::resolution] crush round 2: replacement build progress 475/597 (accepted)
[2026-06-03T15:47:27Z INFO  impg::resolution] crush round 2: replacement build progress 500/597 (accepted)
[2026-06-03T15:47:27Z INFO  impg::resolution] crush round 2: replacement build progress 525/597 (accepted)
[2026-06-03T15:47:27Z INFO  impg::resolution] crush round 2: replacement build progress 550/597 (accepted)
[2026-06-03T15:47:27Z INFO  impg::resolution] crush round 2: replacement build progress 575/597 (accepted)
[2026-06-03T15:47:27Z INFO  impg::resolution] crush round 2: replacement build progress 597/597 (accepted)
[2026-06-03T15:47:27Z INFO  impg::resolution] crush round 2: replacement compression diagnostics: ratio input/output n=597, min=297.800, p50=462.343, p90=463.931, max=464.996, mean=459.655, output-bp replacement n=597, min=4, p50=171, p90=377, max=781, total=119011; threshold=disabled (diagnostic only); no alternate aligner attempted and no replacement was rejected by ratio
[2026-06-03T15:47:30Z INFO  impg::resolution] crush round 2: 597 resolved (from sites discovered by re-POVU on round 1 local subgraphs); local POVU yielded 602 child key(s) (4 new + 598 reused) in 30.39ms
[2026-06-03T15:47:30Z INFO  impg::resolution] crush round 2: resolved 597/597 replacement(s) in 1.91s; rewrite+validate 1.98s; total 8.18s; ids minted 11522..13884; quality score=100055599, segments=8869, segment-bp=238257, links=12129, path-steps=4776651, mean-node-coverage=538.58, bp-weighted-node-coverage=447.79, node-coverage-p10/median/p90=1/464/930, singleton-nodes=956 (3095bp), high-coverage-nodes>=233=6216 (195023bp), trivial_stringy=9, ws-total=8814343881, ws-p99=81518, ws-max=237899, ws-long>=10000bp=96888 -> score=109429154, segments=8959, segment-bp=239808, links=12219, path-steps=4793391, mean-node-coverage=535.04, bp-weighted-node-coverage=444.90, node-coverage-p10/median/p90=1/464/930, singleton-nodes=977 (3806bp), high-coverage-nodes>=233=6271 (195044bp), trivial_stringy=10, ws-total=10157790185, ws-p99=89334, ws-max=238644, ws-long>=10000bp=106201
[2026-06-03T15:47:30Z INFO  impg::resolution] crush discovery: rendering working graph with 8959 segment(s), 465 path(s)
[2026-06-03T15:47:32Z INFO  impg::resolution] crush discovery: parsing rendered graph with POVU (30213410 bytes)
[2026-06-03T15:47:33Z INFO  impg::resolution] crush discovery: decomposing rendered graph with POVU using root 'CHM13#0#chr6:31744284-31976975(+)'
[2026-06-03T15:47:34Z INFO  impg::resolution] crush discovery detail: render 1.49s, povu-parse 892.23ms, povu-decompose 193.70ms, id-map 404.59µs, path-index 5.97ms, candidate-build 24.61ms, select+materialize 9.46ms (230 -> 151 selected, materialize 2.61ms); leaves=0
[2026-06-03T15:47:34Z INFO  impg::resolution] crush round 3: 3162 POVU site(s) on working graph, 256 candidate(s) (round 3 / strictly inside round 2 resolved bp regions), 151 selected in 3.25s
[2026-06-03T15:47:34Z INFO  impg::resolution] crush round 3 traversal stats: selected n=151, max-len median/max=92/518, median-len median/max=92/518, p90-len median/max=92/518, traversals max=465, total max=240780, step-savings max=933, root-span max=518
[2026-06-03T15:47:34Z INFO  impg::resolution] crush round 3: replacement build progress 25/151 (accepted)
[2026-06-03T15:47:34Z INFO  impg::resolution] crush round 3: replacement build progress 50/151 (accepted)
[2026-06-03T15:47:34Z INFO  impg::resolution] crush round 3: replacement build progress 75/151 (accepted)
[2026-06-03T15:47:34Z INFO  impg::resolution] crush round 3: replacement build progress 100/151 (accepted)
[2026-06-03T15:47:34Z INFO  impg::resolution] crush round 3: replacement build progress 125/151 (accepted)
[2026-06-03T15:47:34Z INFO  impg::resolution] crush round 3: replacement build progress 150/151 (accepted)
[2026-06-03T15:47:34Z INFO  impg::resolution] crush round 3: replacement build progress 151/151 (accepted)
[2026-06-03T15:47:34Z INFO  impg::resolution] crush round 3: replacement compression diagnostics: ratio input/output n=151, min=325.697, p50=459.831, p90=463.212, max=464.998, mean=454.382, output-bp replacement n=151, min=7, p50=93, p90=220, max=518, total=17010; threshold=disabled (diagnostic only); no alternate aligner attempted and no replacement was rejected by ratio
[2026-06-03T15:47:37Z INFO  impg::resolution] crush round 3: 151 resolved (from sites discovered by re-POVU on round 2 local subgraphs); local POVU yielded 148 child key(s) (0 new + 148 reused) in 14.46ms
[2026-06-03T15:47:37Z INFO  impg::resolution] crush round 3: resolved 151/151 replacement(s) in 527.51ms; rewrite+validate 1.82s; total 6.67s; ids minted 13884..14570; quality score=109429154, segments=8959, segment-bp=239808, links=12219, path-steps=4793391, mean-node-coverage=535.04, bp-weighted-node-coverage=444.90, node-coverage-p10/median/p90=1/464/930, singleton-nodes=977 (3806bp), high-coverage-nodes>=233=6271 (195044bp), trivial_stringy=10, ws-total=10157790185, ws-p99=89334, ws-max=238644, ws-long>=10000bp=106201 -> score=120679687, segments=9079, segment-bp=240589, links=12339, path-steps=4843152, mean-node-coverage=533.45, bp-weighted-node-coverage=443.45, node-coverage-p10/median/p90=1/464/930, singleton-nodes=979 (4055bp), high-coverage-nodes>=233=6378 (195044bp), trivial_stringy=10, ws-total=11589344774, ws-p99=98433, ws-max=240056, ws-long>=10000bp=119748
[2026-06-03T15:47:37Z INFO  impg::resolution] crush discovery: rendering working graph with 9079 segment(s), 465 path(s)
[2026-06-03T15:47:39Z INFO  impg::resolution] crush discovery: parsing rendered graph with POVU (30675136 bytes)
[2026-06-03T15:47:40Z INFO  impg::resolution] crush discovery: decomposing rendered graph with POVU using root 'CHM13#0#chr6:31744284-31976975(+)'
[2026-06-03T15:47:41Z INFO  impg::resolution] crush discovery detail: render 1.51s, povu-parse 895.13ms, povu-decompose 192.01ms, id-map 535.12µs, path-index 5.99ms, candidate-build 24.55ms, select+materialize 1.20ms (79 -> 0 selected, materialize 689.42µs); leaves=0
[2026-06-03T15:47:41Z INFO  impg::resolution] crush round 4: no eligible candidates from 3161 POVU site(s) in 3.29s (round 3 resolved 151 region(s))
[2026-06-03T15:47:41Z INFO  impg::resolution] crush per-round frontier sizes (Phase 6 true level descent): [r1=748, r2=597, r3=151]; total resolved=1496; next_id moved 8187 -> 14570
[2026-06-03T15:47:42Z INFO  impg] crush: 1496 resolved, 0 bailed, 1496 candidates seen across 3 rounds
	Command being timed: "/home/erikg/.cargo/bin/impg crush --gfa /home/erikg/impg/data/c4_whole_region_sweepga_seed_20260603T092921Z/graphs/one_many_minmatch1_scaffold0.initial.gfa --output /home/erikg/impg/.wg-worktrees/agent-450/data/c4_threshold_sweep_20260603T154441Z/poa_median100/poa_median100.gfa --method poa --max-iterations 20 --max-span 0 --max-traversal-len 100k --max-median-traversal-len 100 --max-total-sequence 500m --max-traversals 100k --poa-scoring 1,4,6,2,26,1 --threads 32 -v 1"
	User time (seconds): 188.54
	System time (seconds): 4.05
	Percent of CPU this job got: 570%
	Elapsed (wall clock) time (h:mm:ss or m:ss): 0:33.76
	Average shared text size (kbytes): 0
	Average unshared data size (kbytes): 0
	Average stack size (kbytes): 0
	Average total size (kbytes): 0
	Maximum resident set size (kbytes): 1898836
	Average resident set size (kbytes): 0
	Major (requiring I/O) page faults: 0
	Minor (reclaiming a frame) page faults: 1324700
	Voluntary context switches: 5567
	Involuntary context switches: 413
	Swaps: 0
	File system inputs: 0
	File system outputs: 60008
	Socket messages sent: 0
	Socket messages received: 0
	Signals delivered: 0
	Page size (bytes): 4096
	Exit status: 0
