[2026-06-03T15:48:12Z INFO  gfalook] Starting visualization...
[2026-06-03T15:48:12Z INFO  gfalook] Loading GFA file...
[2026-06-03T15:48:12Z INFO  gfalook] Found 9079 segments, total length: 240589 bp
[2026-06-03T15:48:12Z INFO  gfalook] Found 465 paths, 12339 edges
[2026-06-03T15:48:12Z INFO  gfalook] Rendering image...
[2026-06-03T15:48:14Z INFO  gfalook] Saving to "/home/erikg/impg/.wg-worktrees/agent-450/data/c4_threshold_sweep_20260603T154441Z/poa_median100/c4-smallbubble-poa-median100.png"...
[2026-06-03T15:48:14Z INFO  gfalook] Done.
	Command being timed: "gfalook -i /home/erikg/impg/.wg-worktrees/agent-450/data/c4_threshold_sweep_20260603T154441Z/poa_median100/poa_median100.Ygs.gfa -o /home/erikg/impg/.wg-worktrees/agent-450/data/c4_threshold_sweep_20260603T154441Z/poa_median100/c4-smallbubble-poa-median100.png -m -x 2200 -y 1200"
	User time (seconds): 1.95
	System time (seconds): 0.17
	Percent of CPU this job got: 99%
	Elapsed (wall clock) time (h:mm:ss or m:ss): 0:02.13
	Average shared text size (kbytes): 0
	Average unshared data size (kbytes): 0
	Average stack size (kbytes): 0
	Average total size (kbytes): 0
	Maximum resident set size (kbytes): 200704
	Average resident set size (kbytes): 0
	Major (requiring I/O) page faults: 0
	Minor (reclaiming a frame) page faults: 59232
	Voluntary context switches: 1
	Involuntary context switches: 3
	Swaps: 0
	File system inputs: 0
	File system outputs: 2248
	Socket messages sent: 0
	Socket messages received: 0
	Signals delivered: 0
	Page size (bytes): 4096
	Exit status: 0
