[2026-06-06T08:13:07Z INFO  impg] Found 1 alignment file(s)
[2026-06-06T08:13:07Z INFO  impg] Reading IMPG index from data/c4_smoke_report_20260606T075500Z/outputs/c4_2seq_renamed.impg
[2026-06-06T08:13:07Z INFO  impg] Building FASTA index for 1 file
[2026-06-06T08:13:07Z INFO  impg] Querying target ranges
[2026-06-06T08:13:07Z INFO  impg] Query: C4SMOKE_A#0#chr6:0-226 (C4SMOKE_A#0#chr6:0-226)
[2026-06-06T08:13:07Z INFO  impg] Collected 1 results (excluding input range)
[2026-06-06T08:13:07Z INFO  impg] [temp] Using temp directory: /home/erikg/impg/.wg-worktrees/agent-551/data/c4_smoke_report_20260606T075500Z/tmp
[2026-06-06T08:13:07Z INFO  impg] Collected 2 merged intervals
[2026-06-06T08:13:07Z INFO  gfaffix] running gfaffix on 1 threads
[2026-06-06T08:13:07Z INFO  gfaffix] loading graph from /home/erikg/impg/.wg-worktrees/agent-551/data/c4_smoke_report_20260606T075500Z/tmp/.tmpuwEdv8.gfa
[2026-06-06T08:13:07Z INFO  gfaffix] constructing handle graph
[2026-06-06T08:13:07Z INFO  gfaffix] handlegraph has 4 nodes and 4 edges
[2026-06-06T08:13:07Z INFO  gfaffix] storing length of original nodes for bookkeeping
[2026-06-06T08:13:07Z INFO  gfaffix] identifying walk-preserving shared affixes
[2026-06-06T08:13:07Z INFO  gfaffix] found and collapsed 0 shared prefixes, 0 of which are overlapping, and 0 of which are bubbles
[2026-06-06T08:13:07Z INFO  gfaffix] identifying walk-preserving blunt ends
[2026-06-06T08:13:07Z INFO  gfaffix] found and collapsed 0 blunt ends
[2026-06-06T08:13:07Z INFO  gfaffix] expand transformation table
[2026-06-06T08:13:07Z INFO  gfaffix] writing refined graph to /home/erikg/impg/.wg-worktrees/agent-551/data/c4_smoke_report_20260606T075500Z/tmp/.tmp77YlRT.gfa
[2026-06-06T08:13:07Z INFO  gfaffix] transforming paths+walks
[2026-06-06T08:13:07Z INFO  gfaffix] done
[2026-06-06T08:13:07Z INFO  impg] Query complete: C4SMOKE_A#0#chr6:0-226 (C4SMOKE_A#0#chr6:0-226) in 7.206ms
