[2026-06-06T08:07:23Z INFO  impg] Found 1 alignment file(s)
[2026-06-06T08:07:23Z INFO  impg] Reading IMPG index from data/c4_smoke_report_20260606T075500Z/outputs/c4_2seq_renamed.impg
[2026-06-06T08:07:23Z INFO  impg] Building FASTA index for 1 file
[2026-06-06T08:07:23Z INFO  impg] Querying target ranges
[2026-06-06T08:07:23Z INFO  impg] Query: C4SMOKE_A#0#chr6:0-226 (C4SMOKE_A#0#chr6:0-226)
[2026-06-06T08:07:23Z INFO  impg] Collected 1 results (excluding input range)
[2026-06-06T08:07:23Z INFO  impg] [temp] Using temp directory: /home/erikg/impg/.wg-worktrees/agent-551/data/c4_smoke_report_20260606T075500Z/tmp
[2026-06-06T08:07:23Z INFO  impg] Collected 2 merged intervals
[2026-06-06T08:07:23Z INFO  gfaffix] running gfaffix on 1 threads
[2026-06-06T08:07:23Z INFO  gfaffix] loading graph from /home/erikg/impg/.wg-worktrees/agent-551/data/c4_smoke_report_20260606T075500Z/tmp/.tmpGPts9K.gfa
[2026-06-06T08:07:23Z INFO  gfaffix] constructing handle graph
[2026-06-06T08:07:23Z INFO  gfaffix] handlegraph has 4 nodes and 4 edges
[2026-06-06T08:07:23Z INFO  gfaffix] storing length of original nodes for bookkeeping
[2026-06-06T08:07:23Z INFO  gfaffix] identifying walk-preserving shared affixes
[2026-06-06T08:07:23Z INFO  gfaffix] found and collapsed 0 shared prefixes, 0 of which are overlapping, and 0 of which are bubbles
[2026-06-06T08:07:23Z INFO  gfaffix] identifying walk-preserving blunt ends
[2026-06-06T08:07:23Z INFO  gfaffix] found and collapsed 0 blunt ends
[2026-06-06T08:07:23Z INFO  gfaffix] expand transformation table
[2026-06-06T08:07:23Z INFO  gfaffix] writing refined graph to /home/erikg/impg/.wg-worktrees/agent-551/data/c4_smoke_report_20260606T075500Z/tmp/.tmpZHZIvr.gfa
[2026-06-06T08:07:23Z INFO  gfaffix] transforming paths+walks
[2026-06-06T08:07:23Z INFO  gfaffix] done
[2026-06-06T08:07:23Z INFO  impg::resolution] crush: parsing input GFA (382 bytes) before bubble decomposition
[2026-06-06T08:07:23Z INFO  impg::resolution] crush: parsed input GFA into 4 segment(s), 2 path(s) in 15.74µs
[2026-06-06T08:07:23Z INFO  impg::resolution] crush: initial next_id=5 (input has 4 segment(s), max integer id=4)
[2026-06-06T08:07:23Z INFO  impg::resolution] crush config: method=Poa, polish=Poa, poa-scoring=1,4,6,2,26,1
[2026-06-06T08:07:23Z INFO  impg::resolution] crush discovery: rendering working graph with 4 segment(s), 2 path(s)
[2026-06-06T08:07:23Z INFO  impg::resolution] crush discovery: parsing rendered graph with POVU (382 bytes)
[2026-06-06T08:07:23Z INFO  impg::resolution] crush discovery: decomposing rendered graph with POVU using root 'C4SMOKE_A#0#chr6:0-226'
[2026-06-06T08:07:23Z INFO  impg::resolution] crush tree: initial POVU on input found 1 site(s), 1 polymorphic candidate(s) of which 1 are roots (level==0)
[2026-06-06T08:07:23Z INFO  impg::resolution] crush tree: built initial forest with 1 node(s), 1 root(s)
[2026-06-06T08:07:23Z INFO  impg::resolution] crush discovery: rendering working graph with 4 segment(s), 2 path(s)
[2026-06-06T08:07:23Z INFO  impg::resolution] crush discovery: parsing rendered graph with POVU (382 bytes)
[2026-06-06T08:07:23Z INFO  impg::resolution] crush discovery: decomposing rendered graph with POVU using root 'C4SMOKE_A#0#chr6:0-226'
[2026-06-06T08:07:23Z INFO  impg::resolution] crush discovery detail: render 8.48µs, povu-parse 11.20µs, povu-decompose 34.96µs, id-map 180.00ns, path-index 15.85µs, candidate-build 3.52µs, select+materialize 3.12µs (1 -> 1 selected, materialize 1.91µs); leaves=0
[2026-06-06T08:07:23Z INFO  impg::resolution] crush round 1: 1 POVU site(s) on working graph, 1 candidate(s) (round 1 / initial POVU on input → roots), 1 selected in 94.17µs
[2026-06-06T08:07:23Z INFO  impg::resolution] crush round 1 traversal stats: selected n=1, max-len median/max=226/226, median-len median/max=226/226, p90-len median/max=226/226, traversals max=2, total max=452, step-savings max=7, root-span max=226
[2026-06-06T08:07:23Z INFO  impg::resolution] crush round 1: building replacement 1/1 with Poa; traversals=2, max-len=226, median-len=226, total-len=452, root-span=226
[2026-06-06T08:07:23Z INFO  impg::resolution] crush round 1: replacement build progress 1/1 (accepted)
[2026-06-06T08:07:23Z INFO  impg::resolution] crush round 1: replacement compression diagnostics: ratio input/output n=1, min=1.991, p50=1.991, p90=1.991, max=1.991, mean=1.991, output-bp replacement n=1, min=227, p50=227, p90=227, max=227, total=227; threshold=disabled (diagnostic only); no alternate aligner attempted and no replacement was rejected by ratio
[2026-06-06T08:07:23Z INFO  impg::resolution] crush round 1: 1 resolved (from sites discovered by re-POVU on round initial POVU on input local subgraphs); local POVU yielded 1 child key(s) (0 new + 1 reused) in 79.80µs
[2026-06-06T08:07:23Z INFO  impg::resolution] crush round 1: resolved 1/1 replacement(s) in 1.22ms; rewrite+validate 18.02µs; total 1.45ms; ids minted 5..9; quality score=235, segments=4, segment-bp=227, links=4, path-steps=6, mean-node-coverage=1.50, bp-weighted-node-coverage=1.99, node-coverage-p10/median/p90=1/1/2, singleton-nodes=2 (2bp), high-coverage-nodes>=2=2 (225bp), trivial_stringy=0, ws-total=2, ws-p99=1, ws-max=1, ws-long>=10000bp=0 -> score=235, segments=4, segment-bp=227, links=4, path-steps=6, mean-node-coverage=1.50, bp-weighted-node-coverage=1.99, node-coverage-p10/median/p90=1/1/2, singleton-nodes=2 (2bp), high-coverage-nodes>=2=2 (225bp), trivial_stringy=0, ws-total=161, ws-p99=161, ws-max=161, ws-long>=10000bp=0
[2026-06-06T08:07:23Z INFO  impg::resolution] crush per-round frontier sizes (Phase 6 true level descent): [r1=1]; total resolved=1; next_id moved 5 -> 9
[2026-06-06T08:07:23Z INFO  impg] crush: 1 resolved, 0 bailed, 1 candidates seen across 1 rounds
[2026-06-06T08:07:23Z INFO  impg] gfasort: pipeline 'Ygs' sorted graph in 0.000s
[2026-06-06T08:07:23Z INFO  impg] Query complete: C4SMOKE_A#0#chr6:0-226 (C4SMOKE_A#0#chr6:0-226) in 7.590ms
