   Compiling proc-macro2 v1.0.106
   Compiling unicode-ident v1.0.24
   Compiling quote v1.0.45
   Compiling libc v0.2.185
   Compiling shlex v1.3.0
   Compiling find-msvc-tools v0.1.9
   Compiling cfg-if v1.0.4
   Compiling pkg-config v0.3.33
   Compiling crossbeam-utils v0.8.21
   Compiling autocfg v1.5.0
   Compiling libm v0.2.16
   Compiling serde_core v1.0.228
   Compiling memchr v2.8.0
   Compiling serde v1.0.228
   Compiling vcpkg v0.2.15
   Compiling version_check v0.9.5
   Compiling crc32fast v1.5.0
   Compiling either v1.15.0
   Compiling zerocopy v0.8.48
   Compiling rayon-core v1.13.0
   Compiling adler2 v2.0.1
   Compiling simd-adler32 v0.3.9
   Compiling bitflags v2.11.1
   Compiling zlib-rs v0.6.3
   Compiling glob v0.3.3
   Compiling byteorder v1.5.0
   Compiling typenum v1.19.0
   Compiling getrandom v0.3.4
   Compiling minimal-lexical v0.2.1
   Compiling stable_deref_trait v1.2.1
   Compiling thiserror v1.0.69
   Compiling regex-syntax v0.8.10
   Compiling once_cell v1.21.4
   Compiling getrandom v0.4.2
   Compiling anyhow v1.0.102
   Compiling hashbrown v0.17.0
   Compiling equivalent v1.0.2
   Compiling rustc-hash v1.1.0
   Compiling rustix v1.1.4
   Compiling bytes v1.11.1
   Compiling linux-raw-sys v0.12.1
   Compiling utf8parse v0.2.2
   Compiling heck v0.5.0
   Compiling log v0.4.29
   Compiling zmij v1.0.21
   Compiling anstyle v1.0.14
   Compiling anstyle-query v1.1.5
   Compiling prettyplease v0.2.37
   Compiling colorchoice v1.0.5
   Compiling is_terminal_polyfill v1.70.2
   Compiling lazy_static v1.5.0
   Compiling serde_json v1.0.149
   Compiling litemap v0.8.2
   Compiling rustversion v1.0.22
   Compiling paste v1.0.15
   Compiling writeable v0.6.3
   Compiling scopeguard v1.2.0
   Compiling zstd-safe v7.2.4
   Compiling icu_properties_data v2.2.0
   Compiling semver v0.1.20
   Compiling icu_normalizer_data v2.2.0
   Compiling utf8_iter v1.0.4
   Compiling bindgen v0.70.1
   Compiling syn v1.0.109
   Compiling strsim v0.11.1
   Compiling clap_lex v1.1.0
   Compiling scratch v1.0.9
   Compiling ryu v1.0.23
   Compiling rawpointer v0.2.1
   Compiling bindgen v0.69.5
   Compiling parking_lot_core v0.9.12
   Compiling heck v0.4.1
   Compiling cxxbridge-flags v1.0.194
   Compiling unicode-width v0.2.2
   Compiling portable-atomic v1.13.1
   Compiling quick-error v1.2.3
   Compiling thiserror v2.0.18
   Compiling winnow v0.7.15
   Compiling termcolor v1.4.1
   Compiling toml_write v0.1.2
   Compiling lazycell v1.3.0
   Compiling itoa v1.0.18
   Compiling lexical-core v0.7.6
   Compiling cbindgen v0.27.0
   Compiling lib_wfa2 v0.1.0 (https://github.com/ekg/lib_wfa2?rev=2f9d9a48addee5185d8ff6ed0594182558d60818#2f9d9a48)
   Compiling fastrand v2.4.1
   Compiling allocator-api2 v0.2.21
   Compiling feature-probe v0.1.1
   Compiling arbitrary-chunks v0.4.1
   Compiling radium v0.7.0
   Compiling percent-encoding v2.3.2
   Compiling partition v0.1.2
   Compiling bitflags v1.3.2
   Compiling arrayvec v0.5.2
   Compiling custom_derive v0.1.7
   Compiling static_assertions v1.1.0
   Compiling cpufeatures v0.2.17
   Compiling fixedbitset v0.4.2
   Compiling jiff v0.2.23
   Compiling regex-automata v0.1.10
   Compiling tap v1.0.1
   Compiling wfmash-rs v0.1.0 (https://github.com/pangenome/wfmash-rs?rev=d47b7e3e#d47b7e3e)
   Compiling bit-vec v0.6.3
   Compiling foldhash v0.1.5
   Compiling bytecount v0.6.9
   Compiling funty v2.0.0
   Compiling editdistancek v1.0.2
   Compiling strum v0.25.0
   Compiling sweepga v0.1.1 (https://github.com/pangenome/sweepga?rev=ddd31d39b6a68fc972025b048076032341b66835#ddd31d39)
   Compiling foldhash v0.2.0
   Compiling futures-core v0.3.32
   Compiling linear-map v1.2.0
   Compiling futures-sink v0.3.32
   Compiling virtue v0.0.18
   Compiling fnv v1.0.7
   Compiling triple_accel v0.4.0
   Compiling iana-time-zone v0.1.65
   Compiling number_prefix v0.4.0
   Compiling ieee754 v0.2.6
   Compiling fixedbitset v0.5.7
   Compiling uf_rush v0.1.1
   Compiling rustc-hash v2.1.2
   Compiling nonmax v0.5.5
   Compiling unit-prefix v0.5.2
   Compiling unty v0.0.4
   Compiling natord v1.0.9
   Compiling coitrees v0.4.0
   Compiling num-traits v0.2.19
   Compiling miniz_oxide v0.8.9
   Compiling clang-sys v1.8.1
   Compiling nom v7.1.3
   Compiling libloading v0.8.9
   Compiling itertools v0.10.5
   Compiling indexmap v2.14.0
   Compiling aho-corasick v1.1.4
   Compiling anstyle-parse v1.0.0
   Compiling generic-array v0.14.7
   Compiling matrixmultiply v0.3.10
   Compiling bstr v1.12.1
   Compiling lock_api v0.4.14
   Compiling ahash v0.8.12
   Compiling rustc_version v0.1.7
   Compiling fs-utils v1.1.4
   Compiling codespan-reporting v0.13.1
   Compiling nom v5.1.3
   Compiling bv v0.11.1
   Compiling csv-core v0.1.13
   Compiling form_urlencoded v1.2.2
   Compiling hashbrown v0.15.5
   Compiling fxhash v0.2.1
   Compiling wyz v0.5.1
   Compiling itertools v0.14.0
   Compiling bstr v0.2.17
   Compiling bit-set v0.5.3
   Compiling regex-automata v0.4.14
   Compiling anstream v1.0.0
   Compiling newtype_derive v0.1.6
   Compiling spin v0.9.8
   Compiling bincode_derive v2.0.1
   Compiling noodles-core v0.17.0
   Compiling noodles-fastq v0.19.0
   Compiling clap_builder v4.6.0
   Compiling crossbeam-epoch v0.9.18
   Compiling crossbeam-channel v0.5.15
   Compiling crossbeam-queue v0.3.12
   Compiling bitvec v1.0.1
   Compiling syn v2.0.117
   Compiling crossbeam-deque v0.8.6
   Compiling crossbeam v0.8.4
   Compiling jobserver v0.1.34
   Compiling cexpr v0.6.0
   Compiling cc v1.2.60
   Compiling crypto-common v0.1.7
   Compiling block-buffer v0.10.4
   Compiling digest v0.10.7
   Compiling rayon v1.12.0
   Compiling sha2 v0.10.9
   Compiling tempfile v3.27.0
   Compiling regex v1.12.3
   Compiling getrandom v0.2.17
   Compiling num_cpus v1.17.0
   Compiling console v0.15.11
   Compiling nix v0.27.1
   Compiling memmap v0.7.0
   Compiling memmap2 v0.9.10
   Compiling console v0.16.3
   Compiling atty v0.2.14
   Compiling num-integer v0.1.46
   Compiling num-complex v0.4.6
   Compiling approx v0.5.1
   Compiling itertools-num v0.1.3
   Compiling ordered-float v3.9.2
   Compiling ordered-float v4.6.0
   Compiling succinct v0.5.2
   Compiling sucds v0.8.3
   Compiling chrono v0.4.44
   Compiling rand_core v0.9.5
   Compiling rand_core v0.6.4
   Compiling nanorand v0.7.0
   Compiling core_affinity v0.8.3
   Compiling cmake v0.1.58
   Compiling wyhash v0.5.0
   Compiling rand_xoshiro v0.7.0
   Compiling num-bigint v0.4.6
   Compiling num-iter v0.1.45
   Compiling flume v0.11.1
   Compiling clap v4.6.1
   Compiling zstd-sys v2.0.16+zstd.1.5.7
   Compiling libdeflate-sys v1.25.2
   Compiling link-cplusplus v1.0.12
   Compiling cxx v1.0.194
   Compiling onecode v0.1.0 (https://github.com/pangenome/onecode-rs#f531f5b0)
   Compiling liblzma-sys v0.3.13
   Compiling bzip2-sys v0.1.13+1.0.8
   Compiling ragc-core v0.1.1 (https://github.com/AndreaGuarracino/ragc?rev=ebfa5eb243541a3d7a5e2f4e3ccb8961283149a0#ebfa5eb2)
   Compiling fastga-rs v0.1.2 (https://github.com/pangenome/fastga-rs?rev=e5037d5#e5037d5e)
   Compiling onecode v0.1.0 (https://github.com/pangenome/onecode-rs?rev=f531f5b0ff54001a898ec4e0c0c761b2bd0a1f34#f531f5b0)
   Compiling impg v0.4.1 (/home/erikg/impg/.wg-worktrees/agent-551)
   Compiling terminal_size v0.4.4
   Compiling indicatif v0.18.4
   Compiling libz-sys v1.1.28
   Compiling libz-ng-sys v1.1.28
   Compiling ndarray v0.15.6
   Compiling csv v1.4.0
   Compiling nalgebra-macros v0.1.0
   Compiling num-rational v0.4.2
   Compiling rdst v0.20.14
   Compiling iitree-rs v0.1.1
   Compiling indicatif v0.17.11
   Compiling boomphf v0.5.9
   Compiling env_filter v1.0.1
   Compiling num v0.4.3
   Compiling liblzma v0.3.6
   Compiling env_logger v0.11.10
   Compiling synstructure v0.13.2
   Compiling cxx-build v1.0.194
   Compiling ppv-lite86 v0.2.21
   Compiling hashbrown v0.14.5
   Compiling rand_chacha v0.3.1
   Compiling rand_chacha v0.9.0
   Compiling serde_derive v1.0.228
   Compiling zerofrom-derive v0.1.7
   Compiling yoke-derive v0.8.2
   Compiling thiserror-impl v1.0.69
   Compiling zerovec-derive v0.11.3
   Compiling displaydoc v0.2.5
   Compiling bytemuck_derive v1.10.2
   Compiling clap_derive v4.6.1
   Compiling strum_macros v0.26.4
   Compiling derive-new v0.6.0
   Compiling thiserror-impl v2.0.18
   Compiling enum-map-derive v0.17.0
   Compiling cxxbridge-macro v1.0.194
   Compiling strum_macros v0.25.3
   Compiling derive-new v0.7.0
   Compiling nalgebra-macros v0.2.2
   Compiling rand v0.9.4
   Compiling rand v0.8.5
   Compiling petgraph v0.6.5
   Compiling bzip2 v0.5.2
   Compiling enum-map v2.7.3
   Compiling rand_distr v0.5.1
   Compiling flate2 v1.1.9
   Compiling rand_distr v0.4.3
   Compiling zerofrom v0.1.7
   Compiling yoke v0.8.2
   Compiling bytemuck v1.25.0
   Compiling noodles-bgzf v0.42.0
   Compiling noodles-bgzf v0.37.0
   Compiling noodles-bgzf v0.41.0
   Compiling bgzip v0.3.1
   Compiling bluntg v0.1.0 (https://github.com/pangenome/bluntg#21ed8bf7)
   Compiling zerovec v0.11.6
   Compiling zerotrie v0.2.4
   Compiling safe_arch v0.7.4
   Compiling gfa v0.10.1
   Compiling libdeflater v1.25.2
   Compiling gzp v1.0.1
   Compiling spoa_rs v0.1.0 (https://github.com/AndreaGuarracino/spoa-rs.git#a036c882)
   Compiling bio-types v1.0.4
   Compiling noodles v0.100.0
   Compiling noodles-fasta v0.50.0
   Compiling noodles-fasta v0.54.0
   Compiling gfasort v0.1.0 (https://github.com/pangenome/gfasort?rev=f15d8ebfdc632af2333f277cb9da0748d8fba7aa#f15d8ebf)
   Compiling wide v0.7.33
   Compiling noodles v0.94.0
   Compiling noodles v0.99.0
   Compiling tinystr v0.8.3
   Compiling potential_utf v0.1.5
   Compiling handlegraph v0.7.0-alpha.9 (https://github.com/chfi/rs-handlegraph?rev=3ac575e4216ce16a16667503a8875e469a40a97a#3ac575e4)
   Compiling icu_collections v2.2.0
   Compiling icu_locale_core v2.2.0
   Compiling serde_spanned v0.6.9
   Compiling toml_datetime v0.6.11
   Compiling smallvec v1.15.1
   Compiling bincode v1.3.3
   Compiling vec_map v0.8.2
   Compiling vers-vecs v1.9.0
   Compiling multimap v0.9.1
   Compiling petgraph v0.8.3
   Compiling bincode v2.0.1
   Compiling icu_provider v2.2.0
   Compiling toml_edit v0.22.27
   Compiling icu_normalizer v2.2.0
   Compiling icu_properties v2.2.0
   Compiling simba v0.6.0
   Compiling simba v0.9.1
   Compiling hts-sys v2.2.0
   Compiling dashmap v6.1.0
   Compiling parking_lot v0.12.5
   Compiling fm-index v0.3.0
   Compiling onecode v0.1.0 (https://github.com/pangenome/onecode-rs?rev=38182c7acf7cccc53509176b1d11001ae6ff2642#38182c7a)
   Compiling povu-rs v0.1.0 (https://github.com/pangenome/povu?rev=0c9f21a40e7755293f5b21f33a7e2c894dc6cb15#0c9f21a4)
   Compiling idna_adapter v1.2.1
   Compiling idna v1.1.0
   Compiling url v2.5.8
   Compiling toml v0.8.23
   Compiling poasta v0.1.0
   Compiling nalgebra v0.29.0
   Compiling seqwish v0.1.3 (https://github.com/pangenome/seqwish?branch=rust-2#15aee559)
   Compiling tracepoints v0.1.0 (https://github.com/AndreaGuarracino/tracepoints?rev=66a5511b0b84d8502f9d7c99efd150616ff2cae3#66a5511b)
   Compiling nalgebra v0.33.3
warning: impg@0.4.1: cc1: fatal error: vendor/syng/syngbwt3.c: No such file or directory
warning: impg@0.4.1: compilation terminated.
warning: impg@0.4.1: ToolExecError: command did not execute successfully (status code exit status: 1): LC_ALL="C" "/gnu/store/rfm800pq3q2midj29a4xlikdzjp1ps2l-gcc-toolchain-12.3.0/bin/gcc" "-O3" "-ffunction-sections" "-fdata-sections" "-fPIC" "-m64" "-I" "vendor/syng" "-w" "-DONEIO" "-I/gnu/store/2r5ryq2ibvy44jkz9diar0fvf5cm7q4c-profile/include" "-I/home/erikg/wfmash/build/vendored_htslib/include" "-o" "/home/erikg/impg/.wg-worktrees/agent-551/target/release/build/impg-e82e2d565b31ff52/out/c5f9ba2024035fc7-syngbwt3.o" "-c" "vendor/syng/syngbwt3.c"cargo:warning=cc1: fatal error: vendor/syng/rskip.c: No such file or directory
warning: impg@0.4.1: compilation terminated.
warning: impg@0.4.1: ToolExecError: command did not execute successfully (status code exit status: 1): LC_ALL="C" "/gnu/store/rfm800pq3q2midj29a4xlikdzjp1ps2l-gcc-toolchain-12.3.0/bin/gcc" "-O3" "-ffunction-sections" "-fdata-sections" "-fPIC" "-m64" "-I" "vendor/syng" "-w" "-DONEIO" "-I/gnu/store/2r5ryq2ibvy44jkz9diar0fvf5cm7q4c-profile/include" "-I/home/erikg/wfmash/build/vendored_htslib/include" "-o" "/home/erikg/impg/.wg-worktrees/agent-551/target/release/build/impg-e82e2d565b31ff52/out/c5f9ba2024035fc7-rskip.o" "-c" "vendor/syng/rskip.c"cargo:warning=cc1: fatal error: vendor/syng/kmerhash.c: No such file or directory
warning: impg@0.4.1: compilation terminated.
warning: impg@0.4.1: ToolExecError: command did not execute successfully (status code exit status: 1): LC_ALL="C" "/gnu/store/rfm800pq3q2midj29a4xlikdzjp1ps2l-gcc-toolchain-12.3.0/bin/gcc" "-O3" "-ffunction-sections" "-fdata-sections" "-fPIC" "-m64" "-I" "vendor/syng" "-w" "-DONEIO" "-I/gnu/store/2r5ryq2ibvy44jkz9diar0fvf5cm7q4c-profile/include" "-I/home/erikg/wfmash/build/vendored_htslib/include" "-o" "/home/erikg/impg/.wg-worktrees/agent-551/target/release/build/impg-e82e2d565b31ff52/out/c5f9ba2024035fc7-kmerhash.o" "-c" "vendor/syng/kmerhash.c"cargo:warning=cc1: fatal error: vendor/syng/seqhash.c: No such file or directory
warning: impg@0.4.1: compilation terminated.
warning: impg@0.4.1: ToolExecError: command did not execute successfully (status code exit status: 1): LC_ALL="C" "/gnu/store/rfm800pq3q2midj29a4xlikdzjp1ps2l-gcc-toolchain-12.3.0/bin/gcc" "-O3" "-ffunction-sections" "-fdata-sections" "-fPIC" "-m64" "-I" "vendor/syng" "-w" "-DONEIO" "-I/gnu/store/2r5ryq2ibvy44jkz9diar0fvf5cm7q4c-profile/include" "-I/home/erikg/wfmash/build/vendored_htslib/include" "-o" "/home/erikg/impg/.wg-worktrees/agent-551/target/release/build/impg-e82e2d565b31ff52/out/c5f9ba2024035fc7-seqhash.o" "-c" "vendor/syng/seqhash.c"cargo:warning=cc1: fatal error: vendor/syng/syncmerset.c: No such file or directory
warning: impg@0.4.1: compilation terminated.
warning: impg@0.4.1: ToolExecError: command did not execute successfully (status code exit status: 1): LC_ALL="C" "/gnu/store/rfm800pq3q2midj29a4xlikdzjp1ps2l-gcc-toolchain-12.3.0/bin/gcc" "-O3" "-ffunction-sections" "-fdata-sections" "-fPIC" "-m64" "-I" "vendor/syng" "-w" "-DONEIO" "-I/gnu/store/2r5ryq2ibvy44jkz9diar0fvf5cm7q4c-profile/include" "-I/home/erikg/wfmash/build/vendored_htslib/include" "-o" "/home/erikg/impg/.wg-worktrees/agent-551/target/release/build/impg-e82e2d565b31ff52/out/c5f9ba2024035fc7-syncmerset.o" "-c" "vendor/syng/syncmerset.c"cargo:warning=cc1: fatal error: vendor/syng/seqio.c: No such file or directory
warning: impg@0.4.1: compilation terminated.
warning: impg@0.4.1: ToolExecError: command did not execute successfully (status code exit status: 1): LC_ALL="C" "/gnu/store/rfm800pq3q2midj29a4xlikdzjp1ps2l-gcc-toolchain-12.3.0/bin/gcc" "-O3" "-ffunction-sections" "-fdata-sections" "-fPIC" "-m64" "-I" "vendor/syng" "-w" "-DONEIO" "-I/gnu/store/2r5ryq2ibvy44jkz9diar0fvf5cm7q4c-profile/include" "-I/home/erikg/wfmash/build/vendored_htslib/include" "-o" "/home/erikg/impg/.wg-worktrees/agent-551/target/release/build/impg-e82e2d565b31ff52/out/c5f9ba2024035fc7-seqio.o" "-c" "vendor/syng/seqio.c"cargo:warning=cc1: fatal error: vendor/syng/ONElib.c: No such file or directory
warning: impg@0.4.1: compilation terminated.
warning: impg@0.4.1: ToolExecError: command did not execute successfully (status code exit status: 1): LC_ALL="C" "/gnu/store/rfm800pq3q2midj29a4xlikdzjp1ps2l-gcc-toolchain-12.3.0/bin/gcc" "-O3" "-ffunction-sections" "-fdata-sections" "-fPIC" "-m64" "-I" "vendor/syng" "-w" "-DONEIO" "-I/gnu/store/2r5ryq2ibvy44jkz9diar0fvf5cm7q4c-profile/include" "-I/home/erikg/wfmash/build/vendored_htslib/include" "-o" "/home/erikg/impg/.wg-worktrees/agent-551/target/release/build/impg-e82e2d565b31ff52/out/c5f9ba2024035fc7-ONElib.o" "-c" "vendor/syng/ONElib.c"cargo:warning=cc1: fatal error: vendor/syng/utils.c: No such file or directory
warning: impg@0.4.1: compilation terminated.
warning: impg@0.4.1: ToolExecError: command did not execute successfully (status code exit status: 1): LC_ALL="C" "/gnu/store/rfm800pq3q2midj29a4xlikdzjp1ps2l-gcc-toolchain-12.3.0/bin/gcc" "-O3" "-ffunction-sections" "-fdata-sections" "-fPIC" "-m64" "-I" "vendor/syng" "-w" "-DONEIO" "-I/gnu/store/2r5ryq2ibvy44jkz9diar0fvf5cm7q4c-profile/include" "-I/home/erikg/wfmash/build/vendored_htslib/include" "-o" "/home/erikg/impg/.wg-worktrees/agent-551/target/release/build/impg-e82e2d565b31ff52/out/c5f9ba2024035fc7-utils.o" "-c" "vendor/syng/utils.c"cargo:warning=cc1: fatal error: vendor/syng/array.c: No such file or directory
warning: impg@0.4.1: compilation terminated.
warning: impg@0.4.1: ToolExecError: command did not execute successfully (status code exit status: 1): LC_ALL="C" "/gnu/store/rfm800pq3q2midj29a4xlikdzjp1ps2l-gcc-toolchain-12.3.0/bin/gcc" "-O3" "-ffunction-sections" "-fdata-sections" "-fPIC" "-m64" "-I" "vendor/syng" "-w" "-DONEIO" "-I/gnu/store/2r5ryq2ibvy44jkz9diar0fvf5cm7q4c-profile/include" "-I/home/erikg/wfmash/build/vendored_htslib/include" "-o" "/home/erikg/impg/.wg-worktrees/agent-551/target/release/build/impg-e82e2d565b31ff52/out/c5f9ba2024035fc7-array.o" "-c" "vendor/syng/array.c"cargo:warning=cc1: fatal error: vendor/syng/hash.c: No such file or directory
warning: impg@0.4.1: compilation terminated.
warning: impg@0.4.1: ToolExecError: command did not execute successfully (status code exit status: 1): LC_ALL="C" "/gnu/store/rfm800pq3q2midj29a4xlikdzjp1ps2l-gcc-toolchain-12.3.0/bin/gcc" "-O3" "-ffunction-sections" "-fdata-sections" "-fPIC" "-m64" "-I" "vendor/syng" "-w" "-DONEIO" "-I/gnu/store/2r5ryq2ibvy44jkz9diar0fvf5cm7q4c-profile/include" "-I/home/erikg/wfmash/build/vendored_htslib/include" "-o" "/home/erikg/impg/.wg-worktrees/agent-551/target/release/build/impg-e82e2d565b31ff52/out/c5f9ba2024035fc7-hash.o" "-c" "vendor/syng/hash.c"cargo:warning=cc1: fatal error: vendor/syng/dict.c: No such file or directory
warning: impg@0.4.1: compilation terminated.
warning: impg@0.4.1: ToolExecError: command did not execute successfully (status code exit status: 1): LC_ALL="C" "/gnu/store/rfm800pq3q2midj29a4xlikdzjp1ps2l-gcc-toolchain-12.3.0/bin/gcc" "-O3" "-ffunction-sections" "-fdata-sections" "-fPIC" "-m64" "-I" "vendor/syng" "-w" "-DONEIO" "-I/gnu/store/2r5ryq2ibvy44jkz9diar0fvf5cm7q4c-profile/include" "-I/home/erikg/wfmash/build/vendored_htslib/include" "-o" "/home/erikg/impg/.wg-worktrees/agent-551/target/release/build/impg-e82e2d565b31ff52/out/c5f9ba2024035fc7-dict.o" "-c" "vendor/syng/dict.c"cargo:warning=cc1: fatal error: vendor/syng/impg_syng_helpers.c: No such file or directory
warning: impg@0.4.1: compilation terminated.
warning: impg@0.4.1: ToolExecError: command did not execute successfully (status code exit status: 1): LC_ALL="C" "/gnu/store/rfm800pq3q2midj29a4xlikdzjp1ps2l-gcc-toolchain-12.3.0/bin/gcc" "-O3" "-ffunction-sections" "-fdata-sections" "-fPIC" "-m64" "-I" "vendor/syng" "-w" "-DONEIO" "-I/gnu/store/2r5ryq2ibvy44jkz9diar0fvf5cm7q4c-profile/include" "-I/home/erikg/wfmash/build/vendored_htslib/include" "-o" "/home/erikg/impg/.wg-worktrees/agent-551/target/release/build/impg-e82e2d565b31ff52/out/c5f9ba2024035fc7-impg_syng_helpers.o" "-c" "vendor/syng/impg_syng_helpers.c"
error: failed to run custom build command for `impg v0.4.1 (/home/erikg/impg/.wg-worktrees/agent-551)`

Caused by:
  process didn't exit successfully: `/home/erikg/impg/.wg-worktrees/agent-551/target/release/build/impg-9d4cf4e6a6128ff5/build-script-build` (exit status: 1)
  --- stdout
  cargo:rerun-if-env-changed=CC_FORCE_DISABLE
  CC_FORCE_DISABLE = None
  cargo:rerun-if-env-changed=CC_x86_64-unknown-linux-gnu
  CC_x86_64-unknown-linux-gnu = None
  cargo:rerun-if-env-changed=CC_x86_64_unknown_linux_gnu
  CC_x86_64_unknown_linux_gnu = None
  cargo:rerun-if-env-changed=HOST_CC
  HOST_CC = None
  cargo:rerun-if-env-changed=CC
  CC = Some(/gnu/store/rfm800pq3q2midj29a4xlikdzjp1ps2l-gcc-toolchain-12.3.0/bin/gcc)
  cargo:rerun-if-env-changed=CC_ENABLE_DEBUG_OUTPUT
  cargo:rerun-if-env-changed=CRATE_CC_NO_DEFAULTS
  CRATE_CC_NO_DEFAULTS = None
  cargo:rerun-if-env-changed=CFLAGS
  CFLAGS = Some(-I/gnu/store/2r5ryq2ibvy44jkz9diar0fvf5cm7q4c-profile/include -I/home/erikg/wfmash/build/vendored_htslib/include)
  cargo:rerun-if-env-changed=CC_SHELL_ESCAPED_FLAGS
  CC_SHELL_ESCAPED_FLAGS = None
  cargo:rerun-if-env-changed=HOST_CFLAGS
  HOST_CFLAGS = None
  cargo:rerun-if-env-changed=CFLAGS_x86_64_unknown_linux_gnu
  CFLAGS_x86_64_unknown_linux_gnu = None
  cargo:rerun-if-env-changed=CFLAGS_x86_64-unknown-linux-gnu
  CFLAGS_x86_64-unknown-linux-gnu = None
  cargo:rerun-if-env-changed=CC_x86_64-unknown-linux-gnu
  CC_x86_64-unknown-linux-gnu = None
  cargo:rerun-if-env-changed=CC_x86_64_unknown_linux_gnu
  CC_x86_64_unknown_linux_gnu = None
  cargo:rerun-if-env-changed=HOST_CC
  HOST_CC = None
  cargo:rerun-if-env-changed=CC
  CC = Some(/gnu/store/rfm800pq3q2midj29a4xlikdzjp1ps2l-gcc-toolchain-12.3.0/bin/gcc)
  cargo:rerun-if-env-changed=CRATE_CC_NO_DEFAULTS
  CRATE_CC_NO_DEFAULTS = None
  cargo:rerun-if-env-changed=CFLAGS
  CFLAGS = Some(-I/gnu/store/2r5ryq2ibvy44jkz9diar0fvf5cm7q4c-profile/include -I/home/erikg/wfmash/build/vendored_htslib/include)
  cargo:rerun-if-env-changed=CC_SHELL_ESCAPED_FLAGS
  CC_SHELL_ESCAPED_FLAGS = None
  cargo:rerun-if-env-changed=HOST_CFLAGS
  HOST_CFLAGS = None
  cargo:rerun-if-env-changed=CFLAGS_x86_64_unknown_linux_gnu
  CFLAGS_x86_64_unknown_linux_gnu = None
  cargo:rerun-if-env-changed=CFLAGS_x86_64-unknown-linux-gnu
  CFLAGS_x86_64-unknown-linux-gnu = None
  cargo:rerun-if-env-changed=CC_x86_64-unknown-linux-gnu
  CC_x86_64-unknown-linux-gnu = None
  cargo:rerun-if-env-changed=CC_x86_64_unknown_linux_gnu
  CC_x86_64_unknown_linux_gnu = None
  cargo:rerun-if-env-changed=HOST_CC
  HOST_CC = None
  cargo:rerun-if-env-changed=CC
  CC = Some(/gnu/store/rfm800pq3q2midj29a4xlikdzjp1ps2l-gcc-toolchain-12.3.0/bin/gcc)
  cargo:rerun-if-env-changed=CRATE_CC_NO_DEFAULTS
  CRATE_CC_NO_DEFAULTS = None
  cargo:rerun-if-env-changed=CFLAGS
  CFLAGS = Some(-I/gnu/store/2r5ryq2ibvy44jkz9diar0fvf5cm7q4c-profile/include -I/home/erikg/wfmash/build/vendored_htslib/include)
  cargo:rerun-if-env-changed=CC_SHELL_ESCAPED_FLAGS
  CC_SHELL_ESCAPED_FLAGS = None
  cargo:rerun-if-env-changed=HOST_CFLAGS
  HOST_CFLAGS = None
  cargo:rerun-if-env-changed=CFLAGS_x86_64_unknown_linux_gnu
  CFLAGS_x86_64_unknown_linux_gnu = None
  cargo:rerun-if-env-changed=CFLAGS_x86_64-unknown-linux-gnu
  CFLAGS_x86_64-unknown-linux-gnu = None
  cargo:rerun-if-env-changed=CC_x86_64-unknown-linux-gnu
  CC_x86_64-unknown-linux-gnu = None
  cargo:rerun-if-env-changed=CC_x86_64_unknown_linux_gnu
  CC_x86_64_unknown_linux_gnu = None
  cargo:rerun-if-env-changed=HOST_CC
  HOST_CC = None
  cargo:rerun-if-env-changed=CC
  CC = Some(/gnu/store/rfm800pq3q2midj29a4xlikdzjp1ps2l-gcc-toolchain-12.3.0/bin/gcc)
  cargo:rerun-if-env-changed=CRATE_CC_NO_DEFAULTS
  CRATE_CC_NO_DEFAULTS = None
  cargo:rerun-if-env-changed=CFLAGS
  CFLAGS = Some(-I/gnu/store/2r5ryq2ibvy44jkz9diar0fvf5cm7q4c-profile/include -I/home/erikg/wfmash/build/vendored_htslib/include)
  cargo:rerun-if-env-changed=CC_SHELL_ESCAPED_FLAGS
  CC_SHELL_ESCAPED_FLAGS = None
  cargo:rerun-if-env-changed=HOST_CFLAGS
  HOST_CFLAGS = None
  cargo:rerun-if-env-changed=CFLAGS_x86_64_unknown_linux_gnu
  CFLAGS_x86_64_unknown_linux_gnu = None
  cargo:rerun-if-env-changed=CFLAGS_x86_64-unknown-linux-gnu
  CFLAGS_x86_64-unknown-linux-gnu = None
  cargo:rerun-if-env-changed=CC_x86_64-unknown-linux-gnu
  CC_x86_64-unknown-linux-gnu = None
  cargo:rerun-if-env-changed=CC_x86_64_unknown_linux_gnu
  CC_x86_64_unknown_linux_gnu = None
  cargo:rerun-if-env-changed=HOST_CC
  HOST_CC = None
  cargo:rerun-if-env-changed=CC
  CC = Some(/gnu/store/rfm800pq3q2midj29a4xlikdzjp1ps2l-gcc-toolchain-12.3.0/bin/gcc)
  cargo:rerun-if-env-changed=CRATE_CC_NO_DEFAULTS
  CRATE_CC_NO_DEFAULTS = None
  cargo:rerun-if-env-changed=CFLAGS
  CFLAGS = Some(-I/gnu/store/2r5ryq2ibvy44jkz9diar0fvf5cm7q4c-profile/include -I/home/erikg/wfmash/build/vendored_htslib/include)
  cargo:rerun-if-env-changed=CC_SHELL_ESCAPED_FLAGS
  CC_SHELL_ESCAPED_FLAGS = None
  cargo:rerun-if-env-changed=HOST_CFLAGS
  HOST_CFLAGS = None
  cargo:rerun-if-env-changed=CFLAGS_x86_64_unknown_linux_gnu
  CFLAGS_x86_64_unknown_linux_gnu = None
  cargo:rerun-if-env-changed=CFLAGS_x86_64-unknown-linux-gnu
  CFLAGS_x86_64-unknown-linux-gnu = None
  cargo:rerun-if-env-changed=CC_x86_64-unknown-linux-gnu
  CC_x86_64-unknown-linux-gnu = None
  cargo:rerun-if-env-changed=CC_x86_64_unknown_linux_gnu
  CC_x86_64_unknown_linux_gnu = None
  cargo:rerun-if-env-changed=HOST_CC
  HOST_CC = None
  cargo:rerun-if-env-changed=CC
  CC = Some(/gnu/store/rfm800pq3q2midj29a4xlikdzjp1ps2l-gcc-toolchain-12.3.0/bin/gcc)
  cargo:rerun-if-env-changed=CRATE_CC_NO_DEFAULTS
  CRATE_CC_NO_DEFAULTS = None
  cargo:rerun-if-env-changed=CFLAGS
  CFLAGS = Some(-I/gnu/store/2r5ryq2ibvy44jkz9diar0fvf5cm7q4c-profile/include -I/home/erikg/wfmash/build/vendored_htslib/include)
  cargo:rerun-if-env-changed=CC_SHELL_ESCAPED_FLAGS
  CC_SHELL_ESCAPED_FLAGS = None
  cargo:rerun-if-env-changed=HOST_CFLAGS
  HOST_CFLAGS = None
  cargo:rerun-if-env-changed=CFLAGS_x86_64_unknown_linux_gnu
  CFLAGS_x86_64_unknown_linux_gnu = None
  cargo:rerun-if-env-changed=CFLAGS_x86_64-unknown-linux-gnu
  CFLAGS_x86_64-unknown-linux-gnu = None
  cargo:rerun-if-env-changed=CC_x86_64-unknown-linux-gnu
  CC_x86_64-unknown-linux-gnu = None
  cargo:rerun-if-env-changed=CC_x86_64_unknown_linux_gnu
  CC_x86_64_unknown_linux_gnu = None
  cargo:rerun-if-env-changed=HOST_CC
  HOST_CC = None
  cargo:rerun-if-env-changed=CC
  CC = Some(/gnu/store/rfm800pq3q2midj29a4xlikdzjp1ps2l-gcc-toolchain-12.3.0/bin/gcc)
  cargo:rerun-if-env-changed=CRATE_CC_NO_DEFAULTS
  CRATE_CC_NO_DEFAULTS = None
  cargo:rerun-if-env-changed=CFLAGS
  CFLAGS = Some(-I/gnu/store/2r5ryq2ibvy44jkz9diar0fvf5cm7q4c-profile/include -I/home/erikg/wfmash/build/vendored_htslib/include)
  cargo:rerun-if-env-changed=CC_SHELL_ESCAPED_FLAGS
  CC_SHELL_ESCAPED_FLAGS = None
  cargo:rerun-if-env-changed=HOST_CFLAGS
  HOST_CFLAGS = None
  cargo:rerun-if-env-changed=CFLAGS_x86_64_unknown_linux_gnu
  CFLAGS_x86_64_unknown_linux_gnu = None
  cargo:rerun-if-env-changed=CFLAGS_x86_64-unknown-linux-gnu
  CFLAGS_x86_64-unknown-linux-gnu = None
  cargo:rerun-if-env-changed=CC_x86_64-unknown-linux-gnu
  CC_x86_64-unknown-linux-gnu = None
  cargo:rerun-if-env-changed=CC_x86_64_unknown_linux_gnu
  CC_x86_64_unknown_linux_gnu = None
  cargo:rerun-if-env-changed=HOST_CC
  HOST_CC = None
  cargo:rerun-if-env-changed=CC
  CC = Some(/gnu/store/rfm800pq3q2midj29a4xlikdzjp1ps2l-gcc-toolchain-12.3.0/bin/gcc)
  cargo:rerun-if-env-changed=CRATE_CC_NO_DEFAULTS
  CRATE_CC_NO_DEFAULTS = None
  cargo:rerun-if-env-changed=CFLAGS
  CFLAGS = Some(-I/gnu/store/2r5ryq2ibvy44jkz9diar0fvf5cm7q4c-profile/include -I/home/erikg/wfmash/build/vendored_htslib/include)
  cargo:rerun-if-env-changed=CC_SHELL_ESCAPED_FLAGS
  CC_SHELL_ESCAPED_FLAGS = None
  cargo:rerun-if-env-changed=HOST_CFLAGS
  HOST_CFLAGS = None
  cargo:rerun-if-env-changed=CFLAGS_x86_64_unknown_linux_gnu
  CFLAGS_x86_64_unknown_linux_gnu = None
  cargo:rerun-if-env-changed=CFLAGS_x86_64-unknown-linux-gnu
  CFLAGS_x86_64-unknown-linux-gnu = None
  cargo:rerun-if-env-changed=CC_x86_64-unknown-linux-gnu
  CC_x86_64-unknown-linux-gnu = None
  cargo:rerun-if-env-changed=CC_x86_64_unknown_linux_gnu
  CC_x86_64_unknown_linux_gnu = None
  cargo:rerun-if-env-changed=HOST_CC
  HOST_CC = None
  cargo:rerun-if-env-changed=CC
  CC = Some(/gnu/store/rfm800pq3q2midj29a4xlikdzjp1ps2l-gcc-toolchain-12.3.0/bin/gcc)
  cargo:rerun-if-env-changed=CRATE_CC_NO_DEFAULTS
  CRATE_CC_NO_DEFAULTS = None
  cargo:rerun-if-env-changed=CFLAGS
  CFLAGS = Some(-I/gnu/store/2r5ryq2ibvy44jkz9diar0fvf5cm7q4c-profile/include -I/home/erikg/wfmash/build/vendored_htslib/include)
  cargo:rerun-if-env-changed=CC_SHELL_ESCAPED_FLAGS
  CC_SHELL_ESCAPED_FLAGS = None
  cargo:rerun-if-env-changed=HOST_CFLAGS
  HOST_CFLAGS = None
  cargo:rerun-if-env-changed=CFLAGS_x86_64_unknown_linux_gnu
  CFLAGS_x86_64_unknown_linux_gnu = None
  cargo:rerun-if-env-changed=CFLAGS_x86_64-unknown-linux-gnu
  CFLAGS_x86_64-unknown-linux-gnu = None
  cargo:rerun-if-env-changed=CC_x86_64-unknown-linux-gnu
  CC_x86_64-unknown-linux-gnu = None
  cargo:rerun-if-env-changed=CC_x86_64_unknown_linux_gnu
  CC_x86_64_unknown_linux_gnu = None
  cargo:rerun-if-env-changed=HOST_CC
  HOST_CC = None
  cargo:rerun-if-env-changed=CC
  CC = Some(/gnu/store/rfm800pq3q2midj29a4xlikdzjp1ps2l-gcc-toolchain-12.3.0/bin/gcc)
  cargo:rerun-if-env-changed=CRATE_CC_NO_DEFAULTS
  CRATE_CC_NO_DEFAULTS = None
  cargo:rerun-if-env-changed=CFLAGS
  CFLAGS = Some(-I/gnu/store/2r5ryq2ibvy44jkz9diar0fvf5cm7q4c-profile/include -I/home/erikg/wfmash/build/vendored_htslib/include)
  cargo:rerun-if-env-changed=CC_SHELL_ESCAPED_FLAGS
  CC_SHELL_ESCAPED_FLAGS = None
  cargo:rerun-if-env-changed=HOST_CFLAGS
  HOST_CFLAGS = None
  cargo:rerun-if-env-changed=CFLAGS_x86_64_unknown_linux_gnu
  CFLAGS_x86_64_unknown_linux_gnu = None
  cargo:rerun-if-env-changed=CFLAGS_x86_64-unknown-linux-gnu
  CFLAGS_x86_64-unknown-linux-gnu = None
  cargo:rerun-if-env-changed=CC_x86_64-unknown-linux-gnu
  CC_x86_64-unknown-linux-gnu = None
  cargo:rerun-if-env-changed=CC_x86_64_unknown_linux_gnu
  CC_x86_64_unknown_linux_gnu = None
  cargo:rerun-if-env-changed=HOST_CC
  HOST_CC = None
  cargo:rerun-if-env-changed=CC
  CC = Some(/gnu/store/rfm800pq3q2midj29a4xlikdzjp1ps2l-gcc-toolchain-12.3.0/bin/gcc)
  cargo:rerun-if-env-changed=CRATE_CC_NO_DEFAULTS
  CRATE_CC_NO_DEFAULTS = None
  cargo:rerun-if-env-changed=CFLAGS
  CFLAGS = Some(-I/gnu/store/2r5ryq2ibvy44jkz9diar0fvf5cm7q4c-profile/include -I/home/erikg/wfmash/build/vendored_htslib/include)
  cargo:rerun-if-env-changed=CC_SHELL_ESCAPED_FLAGS
  CC_SHELL_ESCAPED_FLAGS = None
  cargo:rerun-if-env-changed=HOST_CFLAGS
  HOST_CFLAGS = None
  cargo:rerun-if-env-changed=CFLAGS_x86_64_unknown_linux_gnu
  CFLAGS_x86_64_unknown_linux_gnu = None
  cargo:rerun-if-env-changed=CFLAGS_x86_64-unknown-linux-gnu
  CFLAGS_x86_64-unknown-linux-gnu = None
  cargo:rerun-if-env-changed=CC_x86_64-unknown-linux-gnu
  CC_x86_64-unknown-linux-gnu = None
  cargo:rerun-if-env-changed=CC_x86_64_unknown_linux_gnu
  CC_x86_64_unknown_linux_gnu = None
  cargo:rerun-if-env-changed=HOST_CC
  HOST_CC = None
  cargo:rerun-if-env-changed=CC
  CC = Some(/gnu/store/rfm800pq3q2midj29a4xlikdzjp1ps2l-gcc-toolchain-12.3.0/bin/gcc)
  cargo:rerun-if-env-changed=CRATE_CC_NO_DEFAULTS
  CRATE_CC_NO_DEFAULTS = None
  cargo:rerun-if-env-changed=CFLAGS
  CFLAGS = Some(-I/gnu/store/2r5ryq2ibvy44jkz9diar0fvf5cm7q4c-profile/include -I/home/erikg/wfmash/build/vendored_htslib/include)
  cargo:rerun-if-env-changed=CC_SHELL_ESCAPED_FLAGS
  CC_SHELL_ESCAPED_FLAGS = None
  cargo:rerun-if-env-changed=HOST_CFLAGS
  HOST_CFLAGS = None
  cargo:rerun-if-env-changed=CFLAGS_x86_64_unknown_linux_gnu
  CFLAGS_x86_64_unknown_linux_gnu = None
  cargo:rerun-if-env-changed=CFLAGS_x86_64-unknown-linux-gnu
  CFLAGS_x86_64-unknown-linux-gnu = None
  cargo:warning=cc1: fatal error: vendor/syng/syngbwt3.c: No such file or directory
  cargo:warning=compilation terminated.
  exit status: 1
  cargo:warning=ToolExecError: command did not execute successfully (status code exit status: 1): LC_ALL="C" "/gnu/store/rfm800pq3q2midj29a4xlikdzjp1ps2l-gcc-toolchain-12.3.0/bin/gcc" "-O3" "-ffunction-sections" "-fdata-sections" "-fPIC" "-m64" "-I" "vendor/syng" "-w" "-DONEIO" "-I/gnu/store/2r5ryq2ibvy44jkz9diar0fvf5cm7q4c-profile/include" "-I/home/erikg/wfmash/build/vendored_htslib/include" "-o" "/home/erikg/impg/.wg-worktrees/agent-551/target/release/build/impg-e82e2d565b31ff52/out/c5f9ba2024035fc7-syngbwt3.o" "-c" "vendor/syng/syngbwt3.c"cargo:warning=cc1: fatal error: vendor/syng/rskip.c: No such file or directory
  cargo:warning=compilation terminated.

  exit status: 1
  cargo:warning=ToolExecError: command did not execute successfully (status code exit status: 1): LC_ALL="C" "/gnu/store/rfm800pq3q2midj29a4xlikdzjp1ps2l-gcc-toolchain-12.3.0/bin/gcc" "-O3" "-ffunction-sections" "-fdata-sections" "-fPIC" "-m64" "-I" "vendor/syng" "-w" "-DONEIO" "-I/gnu/store/2r5ryq2ibvy44jkz9diar0fvf5cm7q4c-profile/include" "-I/home/erikg/wfmash/build/vendored_htslib/include" "-o" "/home/erikg/impg/.wg-worktrees/agent-551/target/release/build/impg-e82e2d565b31ff52/out/c5f9ba2024035fc7-rskip.o" "-c" "vendor/syng/rskip.c"cargo:warning=cc1: fatal error: vendor/syng/kmerhash.c: No such file or directory
  cargo:warning=compilation terminated.

  exit status: 1
  cargo:warning=ToolExecError: command did not execute successfully (status code exit status: 1): LC_ALL="C" "/gnu/store/rfm800pq3q2midj29a4xlikdzjp1ps2l-gcc-toolchain-12.3.0/bin/gcc" "-O3" "-ffunction-sections" "-fdata-sections" "-fPIC" "-m64" "-I" "vendor/syng" "-w" "-DONEIO" "-I/gnu/store/2r5ryq2ibvy44jkz9diar0fvf5cm7q4c-profile/include" "-I/home/erikg/wfmash/build/vendored_htslib/include" "-o" "/home/erikg/impg/.wg-worktrees/agent-551/target/release/build/impg-e82e2d565b31ff52/out/c5f9ba2024035fc7-kmerhash.o" "-c" "vendor/syng/kmerhash.c"cargo:warning=cc1: fatal error: vendor/syng/seqhash.c: No such file or directory
  cargo:warning=compilation terminated.

  exit status: 1
  cargo:warning=ToolExecError: command did not execute successfully (status code exit status: 1): LC_ALL="C" "/gnu/store/rfm800pq3q2midj29a4xlikdzjp1ps2l-gcc-toolchain-12.3.0/bin/gcc" "-O3" "-ffunction-sections" "-fdata-sections" "-fPIC" "-m64" "-I" "vendor/syng" "-w" "-DONEIO" "-I/gnu/store/2r5ryq2ibvy44jkz9diar0fvf5cm7q4c-profile/include" "-I/home/erikg/wfmash/build/vendored_htslib/include" "-o" "/home/erikg/impg/.wg-worktrees/agent-551/target/release/build/impg-e82e2d565b31ff52/out/c5f9ba2024035fc7-seqhash.o" "-c" "vendor/syng/seqhash.c"cargo:warning=cc1: fatal error: vendor/syng/syncmerset.c: No such file or directory
  cargo:warning=compilation terminated.

  exit status: 1
  cargo:warning=ToolExecError: command did not execute successfully (status code exit status: 1): LC_ALL="C" "/gnu/store/rfm800pq3q2midj29a4xlikdzjp1ps2l-gcc-toolchain-12.3.0/bin/gcc" "-O3" "-ffunction-sections" "-fdata-sections" "-fPIC" "-m64" "-I" "vendor/syng" "-w" "-DONEIO" "-I/gnu/store/2r5ryq2ibvy44jkz9diar0fvf5cm7q4c-profile/include" "-I/home/erikg/wfmash/build/vendored_htslib/include" "-o" "/home/erikg/impg/.wg-worktrees/agent-551/target/release/build/impg-e82e2d565b31ff52/out/c5f9ba2024035fc7-syncmerset.o" "-c" "vendor/syng/syncmerset.c"cargo:warning=cc1: fatal error: vendor/syng/seqio.c: No such file or directory
  cargo:warning=compilation terminated.

  exit status: 1
  cargo:warning=ToolExecError: command did not execute successfully (status code exit status: 1): LC_ALL="C" "/gnu/store/rfm800pq3q2midj29a4xlikdzjp1ps2l-gcc-toolchain-12.3.0/bin/gcc" "-O3" "-ffunction-sections" "-fdata-sections" "-fPIC" "-m64" "-I" "vendor/syng" "-w" "-DONEIO" "-I/gnu/store/2r5ryq2ibvy44jkz9diar0fvf5cm7q4c-profile/include" "-I/home/erikg/wfmash/build/vendored_htslib/include" "-o" "/home/erikg/impg/.wg-worktrees/agent-551/target/release/build/impg-e82e2d565b31ff52/out/c5f9ba2024035fc7-seqio.o" "-c" "vendor/syng/seqio.c"cargo:warning=cc1: fatal error: vendor/syng/ONElib.c: No such file or directory
  cargo:warning=compilation terminated.

  exit status: 1
  cargo:warning=ToolExecError: command did not execute successfully (status code exit status: 1): LC_ALL="C" "/gnu/store/rfm800pq3q2midj29a4xlikdzjp1ps2l-gcc-toolchain-12.3.0/bin/gcc" "-O3" "-ffunction-sections" "-fdata-sections" "-fPIC" "-m64" "-I" "vendor/syng" "-w" "-DONEIO" "-I/gnu/store/2r5ryq2ibvy44jkz9diar0fvf5cm7q4c-profile/include" "-I/home/erikg/wfmash/build/vendored_htslib/include" "-o" "/home/erikg/impg/.wg-worktrees/agent-551/target/release/build/impg-e82e2d565b31ff52/out/c5f9ba2024035fc7-ONElib.o" "-c" "vendor/syng/ONElib.c"cargo:warning=cc1: fatal error: vendor/syng/utils.c: No such file or directory
  cargo:warning=compilation terminated.

  exit status: 1
  cargo:warning=ToolExecError: command did not execute successfully (status code exit status: 1): LC_ALL="C" "/gnu/store/rfm800pq3q2midj29a4xlikdzjp1ps2l-gcc-toolchain-12.3.0/bin/gcc" "-O3" "-ffunction-sections" "-fdata-sections" "-fPIC" "-m64" "-I" "vendor/syng" "-w" "-DONEIO" "-I/gnu/store/2r5ryq2ibvy44jkz9diar0fvf5cm7q4c-profile/include" "-I/home/erikg/wfmash/build/vendored_htslib/include" "-o" "/home/erikg/impg/.wg-worktrees/agent-551/target/release/build/impg-e82e2d565b31ff52/out/c5f9ba2024035fc7-utils.o" "-c" "vendor/syng/utils.c"cargo:warning=cc1: fatal error: vendor/syng/array.c: No such file or directory
  cargo:warning=compilation terminated.

  exit status: 1
  cargo:warning=ToolExecError: command did not execute successfully (status code exit status: 1): LC_ALL="C" "/gnu/store/rfm800pq3q2midj29a4xlikdzjp1ps2l-gcc-toolchain-12.3.0/bin/gcc" "-O3" "-ffunction-sections" "-fdata-sections" "-fPIC" "-m64" "-I" "vendor/syng" "-w" "-DONEIO" "-I/gnu/store/2r5ryq2ibvy44jkz9diar0fvf5cm7q4c-profile/include" "-I/home/erikg/wfmash/build/vendored_htslib/include" "-o" "/home/erikg/impg/.wg-worktrees/agent-551/target/release/build/impg-e82e2d565b31ff52/out/c5f9ba2024035fc7-array.o" "-c" "vendor/syng/array.c"cargo:warning=cc1: fatal error: vendor/syng/hash.c: No such file or directory
  cargo:warning=compilation terminated.

  exit status: 1
  cargo:warning=ToolExecError: command did not execute successfully (status code exit status: 1): LC_ALL="C" "/gnu/store/rfm800pq3q2midj29a4xlikdzjp1ps2l-gcc-toolchain-12.3.0/bin/gcc" "-O3" "-ffunction-sections" "-fdata-sections" "-fPIC" "-m64" "-I" "vendor/syng" "-w" "-DONEIO" "-I/gnu/store/2r5ryq2ibvy44jkz9diar0fvf5cm7q4c-profile/include" "-I/home/erikg/wfmash/build/vendored_htslib/include" "-o" "/home/erikg/impg/.wg-worktrees/agent-551/target/release/build/impg-e82e2d565b31ff52/out/c5f9ba2024035fc7-hash.o" "-c" "vendor/syng/hash.c"cargo:warning=cc1: fatal error: vendor/syng/dict.c: No such file or directory
  cargo:warning=compilation terminated.

  exit status: 1
  cargo:warning=ToolExecError: command did not execute successfully (status code exit status: 1): LC_ALL="C" "/gnu/store/rfm800pq3q2midj29a4xlikdzjp1ps2l-gcc-toolchain-12.3.0/bin/gcc" "-O3" "-ffunction-sections" "-fdata-sections" "-fPIC" "-m64" "-I" "vendor/syng" "-w" "-DONEIO" "-I/gnu/store/2r5ryq2ibvy44jkz9diar0fvf5cm7q4c-profile/include" "-I/home/erikg/wfmash/build/vendored_htslib/include" "-o" "/home/erikg/impg/.wg-worktrees/agent-551/target/release/build/impg-e82e2d565b31ff52/out/c5f9ba2024035fc7-dict.o" "-c" "vendor/syng/dict.c"cargo:warning=cc1: fatal error: vendor/syng/impg_syng_helpers.c: No such file or directory
  cargo:warning=compilation terminated.

  exit status: 1
  cargo:warning=ToolExecError: command did not execute successfully (status code exit status: 1): LC_ALL="C" "/gnu/store/rfm800pq3q2midj29a4xlikdzjp1ps2l-gcc-toolchain-12.3.0/bin/gcc" "-O3" "-ffunction-sections" "-fdata-sections" "-fPIC" "-m64" "-I" "vendor/syng" "-w" "-DONEIO" "-I/gnu/store/2r5ryq2ibvy44jkz9diar0fvf5cm7q4c-profile/include" "-I/home/erikg/wfmash/build/vendored_htslib/include" "-o" "/home/erikg/impg/.wg-worktrees/agent-551/target/release/build/impg-e82e2d565b31ff52/out/c5f9ba2024035fc7-impg_syng_helpers.o" "-c" "vendor/syng/impg_syng_helpers.c"

  --- stderr


  error occurred in cc-rs: command did not execute successfully (status code exit status: 1): LC_ALL="C" "/gnu/store/rfm800pq3q2midj29a4xlikdzjp1ps2l-gcc-toolchain-12.3.0/bin/gcc" "-O3" "-ffunction-sections" "-fdata-sections" "-fPIC" "-m64" "-I" "vendor/syng" "-w" "-DONEIO" "-I/gnu/store/2r5ryq2ibvy44jkz9diar0fvf5cm7q4c-profile/include" "-I/home/erikg/wfmash/build/vendored_htslib/include" "-o" "/home/erikg/impg/.wg-worktrees/agent-551/target/release/build/impg-e82e2d565b31ff52/out/c5f9ba2024035fc7-impg_syng_helpers.o" "-c" "vendor/syng/impg_syng_helpers.c"


warning: build failed, waiting for other jobs to finish...
