   Compiling zerocopy v0.8.48
   Compiling ciborium-io v0.2.2
   Compiling same-file v1.0.6
   Compiling cast v0.3.0
   Compiling anes v0.1.6
   Compiling oorandom v11.1.5
   Compiling is-terminal v0.4.17
   Compiling zerocopy-derive v0.8.48
   Compiling zstd-sys v2.0.16+zstd.1.5.7
   Compiling libdeflate-sys v1.25.2
   Compiling link-cplusplus v1.0.12
   Compiling bzip2-sys v0.1.13+1.0.8
   Compiling onecode v0.1.0 (https://github.com/pangenome/onecode-rs#f531f5b0)
   Compiling liblzma-sys v0.3.13
   Compiling fastga-rs v0.1.2 (https://github.com/pangenome/fastga-rs?rev=e5037d5#e5037d5e)
   Compiling onecode v0.1.0 (https://github.com/pangenome/onecode-rs?rev=f531f5b0ff54001a898ec4e0c0c761b2bd0a1f34#f531f5b0)
   Compiling tinytemplate v1.2.1
   Compiling libz-sys v1.1.28
   Compiling onecode v0.1.0 (https://github.com/pangenome/onecode-rs?rev=38182c7acf7cccc53509176b1d11001ae6ff2642#38182c7a)
   Compiling walkdir v2.5.0
   Compiling criterion-plot v0.5.0
   Compiling cxx v1.0.194
   Compiling flate2 v1.1.9
   Compiling liblzma v0.3.6
   Compiling noodles-bgzf v0.37.0
   Compiling noodles-bgzf v0.42.0
   Compiling noodles-bgzf v0.41.0
   Compiling bgzip v0.3.1
   Compiling bluntg v0.1.0 (https://github.com/pangenome/bluntg#21ed8bf7)
   Compiling seqwish v0.1.3 (https://github.com/pangenome/seqwish?branch=rust-2#15aee559)
   Compiling noodles-fasta v0.54.0
   Compiling noodles-fasta v0.50.0
   Compiling noodles v0.100.0
   Compiling noodles v0.99.0
   Compiling noodles v0.94.0
   Compiling bzip2 v0.5.2
   Compiling spoa_rs v0.1.0 (https://github.com/AndreaGuarracino/spoa-rs.git#a036c882)
   Compiling hts-sys v2.2.0
   Compiling libdeflater v1.25.2
   Compiling gzp v1.0.1
   Compiling ppv-lite86 v0.2.21
   Compiling ahash v0.8.12
   Compiling half v2.7.1
   Compiling hashbrown v0.14.5
   Compiling poasta v0.1.0
   Compiling ciborium-ll v0.2.2
   Compiling rand_chacha v0.3.1
   Compiling rand_chacha v0.9.0
   Compiling ciborium v0.2.2
   Compiling rand v0.9.4
   Compiling rand v0.8.5
   Compiling dashmap v6.1.0
   Compiling criterion v0.5.1
   Compiling rand_distr v0.5.1
   Compiling rand_distr v0.4.3
   Compiling nalgebra v0.29.0
   Compiling gfasort v0.1.0 (https://github.com/pangenome/gfasort?rev=f15d8ebfdc632af2333f277cb9da0748d8fba7aa#f15d8ebf)
   Compiling impg v0.4.1 (/home/erikg/impg/.wg-worktrees/agent-551)
   Compiling zstd-safe v7.2.4
   Compiling rust-htslib v1.0.0
   Compiling zstd v0.13.3
   Compiling ragc-common v0.1.1 (https://github.com/AndreaGuarracino/ragc?rev=ebfa5eb243541a3d7a5e2f4e3ccb8961283149a0#ebfa5eb2)
   Compiling tpa v0.1.0 (https://github.com/AndreaGuarracino/tpa?rev=49f1801f9e0108c211571fa2614e517009446afe#49f1801f)
   Compiling niffler v3.0.0
   Compiling ragc-core v0.1.1 (https://github.com/AndreaGuarracino/ragc?rev=ebfa5eb243541a3d7a5e2f4e3ccb8961283149a0#ebfa5eb2)
   Compiling statrs v0.16.1
   Compiling bio v1.6.0
   Compiling allwave v0.1.0 (https://github.com/pangenome/allwave?rev=6b2798aa9fd405abe680cfb1e644331eff9d58e0#6b2798aa)
   Compiling sweepga v0.1.1 (https://github.com/pangenome/sweepga?rev=ddd31d39b6a68fc972025b048076032341b66835#ddd31d39)
warning: field `candidates_seen` is never read
   --> src/resolution.rs:753:5
    |
750 | struct CandidateFrontier {
    |        ----------------- field in this struct
...
753 |     candidates_seen: usize,
    |     ^^^^^^^^^^^^^^^
    |
    = note: `CandidateFrontier` has derived impls for the traits `Debug` and `Clone`, but these are intentionally ignored during dead code analysis
    = note: `#[warn(dead_code)]` (part of `#[warn(unused)]`) on by default

warning: field `at_round` is never read
   --> src/resolution.rs:775:16
    |
775 |     Resolved { at_round: usize },
    |     --------   ^^^^^^^^
    |     |
    |     field in this variant
    |
    = note: `BubbleState` has derived impls for the traits `Debug` and `Clone`, but these are intentionally ignored during dead code analysis

warning: field `at_round` is never read
   --> src/resolution.rs:776:14
    |
776 |     Failed { at_round: usize },
    |     ------   ^^^^^^^^
    |     |
    |     field in this variant
    |
    = note: `BubbleState` has derived impls for the traits `Debug` and `Clone`, but these are intentionally ignored during dead code analysis

warning: function `generate_multi_level_candidates` is never used
    --> src/resolution.rs:3293:4
     |
3293 | fn generate_multi_level_candidates(
     |    ^^^^^^^^^^^^^^^^^^^^^^^^^^^^^^^

warning: function `find_candidate_frontier` is never used
    --> src/resolution.rs:7075:4
     |
7075 | fn find_candidate_frontier(
     |    ^^^^^^^^^^^^^^^^^^^^^^^

warning: function `split_path_coordinate_suffix` is never used
     --> src/resolution.rs:10311:4
      |
10311 | fn split_path_coordinate_suffix(name: &str) -> Option<(&str, usize, usize)> {
      |    ^^^^^^^^^^^^^^^^^^^^^^^^^^^^

warning: `impg` (lib) generated 6 warnings
    Finished `release` profile [optimized] target(s) in 55.12s
	Command being timed: "cargo build --release --example compare_gfa_paths"
	User time (seconds): 357.09
	System time (seconds): 28.73
	Percent of CPU this job got: 698%
	Elapsed (wall clock) time (h:mm:ss or m:ss): 0:55.20
	Average shared text size (kbytes): 0
	Average unshared data size (kbytes): 0
	Average stack size (kbytes): 0
	Average total size (kbytes): 0
	Maximum resident set size (kbytes): 1521348
	Average resident set size (kbytes): 0
	Major (requiring I/O) page faults: 5
	Minor (reclaiming a frame) page faults: 5860868
	Voluntary context switches: 80262
	Involuntary context switches: 1551
	Swaps: 0
	File system inputs: 96
	File system outputs: 814848
	Socket messages sent: 0
	Socket messages received: 0
	Signals delivered: 0
	Page size (bytes): 4096
	Exit status: 0
