[2026-06-03T15:52:43Z INFO  impg::resolution] crush: parsing input GFA (27873179 bytes) before bubble decomposition
[2026-06-03T15:52:44Z INFO  impg::resolution] crush: parsed input GFA into 8186 segment(s), 465 path(s) in 169.81ms
[2026-06-03T15:52:44Z INFO  impg::resolution] crush: initial next_id=8187 (input has 8186 segment(s), max integer id=8186)
[2026-06-03T15:52:44Z INFO  impg::resolution] crush config: method=Poasta, polish=Poa, poa-scoring=1,4,6,2,26,1
[2026-06-03T15:52:44Z INFO  impg::resolution] crush discovery: rendering working graph with 8186 segment(s), 465 path(s)
[2026-06-03T15:52:45Z INFO  impg::resolution] crush discovery: parsing rendered graph with POVU (27873179 bytes)
[2026-06-03T15:52:46Z INFO  impg::resolution] crush discovery: decomposing rendered graph with POVU using root 'CHM13#0#chr6:31744284-31976975(+)'
[2026-06-03T15:52:47Z INFO  impg::resolution] crush tree: initial POVU on input found 3080 site(s), 2575 polymorphic candidate(s) of which 1742 are roots (level==0)
[2026-06-03T15:52:47Z INFO  impg::resolution] crush tree: built initial forest with 2575 node(s), 1774 root(s)
[2026-06-03T15:52:47Z INFO  impg::resolution] crush discovery: rendering working graph with 8186 segment(s), 465 path(s)
[2026-06-03T15:52:49Z INFO  impg::resolution] crush discovery: parsing rendered graph with POVU (27873179 bytes)
[2026-06-03T15:52:50Z INFO  impg::resolution] crush discovery: decomposing rendered graph with POVU using root 'CHM13#0#chr6:31744284-31976975(+)'
[2026-06-03T15:52:50Z INFO  impg::resolution] crush discovery detail: render 1.43s, povu-parse 921.45ms, povu-decompose 202.60ms, id-map 892.19µs, path-index 12.31ms, candidate-build 25.06ms, select+materialize 81.35ms (831 -> 748 selected, materialize 4.54ms); leaves=0
[2026-06-03T15:52:50Z INFO  impg::resolution] crush round 1: 3080 POVU site(s) on working graph, 1774 candidate(s) (round 1 / initial POVU on input → roots), 748 selected in 3.03s
[2026-06-03T15:52:50Z INFO  impg::resolution] crush round 1 traversal stats: selected n=748, max-len median/max=152/957, median-len median/max=152/957, p90-len median/max=152/957, traversals max=465, total max=445005, step-savings max=2785, root-span max=957
[2026-06-03T15:52:51Z INFO  impg::resolution] crush round 1: replacement build progress 25/748 (accepted)
[2026-06-03T15:52:51Z INFO  impg::resolution] crush round 1: replacement build progress 50/748 (accepted)
[2026-06-03T15:52:51Z INFO  impg::resolution] crush round 1: replacement build progress 75/748 (accepted)
[2026-06-03T15:52:51Z INFO  impg::resolution] crush round 1: replacement build progress 100/748 (accepted)
[2026-06-03T15:52:51Z INFO  impg::resolution] crush round 1: replacement build progress 125/748 (accepted)
[2026-06-03T15:52:51Z INFO  impg::resolution] crush round 1: replacement build progress 150/748 (accepted)
[2026-06-03T15:52:51Z INFO  impg::resolution] crush round 1: replacement build progress 175/748 (accepted)
[2026-06-03T15:52:51Z INFO  impg::resolution] crush round 1: replacement build progress 200/748 (accepted)
[2026-06-03T15:52:51Z INFO  impg::resolution] crush round 1: replacement build progress 225/748 (accepted)
[2026-06-03T15:52:51Z INFO  impg::resolution] crush round 1: replacement build progress 250/748 (accepted)
[2026-06-03T15:52:51Z INFO  impg::resolution] crush round 1: replacement build progress 275/748 (accepted)
[2026-06-03T15:52:51Z INFO  impg::resolution] crush round 1: replacement build progress 300/748 (accepted)
[2026-06-03T15:52:51Z INFO  impg::resolution] crush round 1: replacement build progress 325/748 (accepted)
[2026-06-03T15:52:51Z INFO  impg::resolution] crush round 1: replacement build progress 350/748 (accepted)
[2026-06-03T15:52:51Z INFO  impg::resolution] crush round 1: replacement build progress 375/748 (accepted)
[2026-06-03T15:52:51Z INFO  impg::resolution] crush round 1: replacement build progress 400/748 (accepted)
[2026-06-03T15:52:51Z INFO  impg::resolution] crush round 1: replacement build progress 425/748 (accepted)
[2026-06-03T15:52:51Z INFO  impg::resolution] crush round 1: replacement build progress 450/748 (accepted)
[2026-06-03T15:52:51Z INFO  impg::resolution] crush round 1: replacement build progress 475/748 (accepted)
[2026-06-03T15:52:51Z INFO  impg::resolution] crush round 1: replacement build progress 500/748 (accepted)
[2026-06-03T15:52:51Z INFO  impg::resolution] crush round 1: replacement build progress 525/748 (accepted)
[2026-06-03T15:52:51Z INFO  impg::resolution] crush round 1: replacement build progress 550/748 (accepted)
[2026-06-03T15:52:51Z INFO  impg::resolution] crush round 1: replacement build progress 575/748 (accepted)
[2026-06-03T15:52:51Z INFO  impg::resolution] crush round 1: replacement build progress 600/748 (accepted)
[2026-06-03T15:52:51Z INFO  impg::resolution] crush round 1: replacement build progress 625/748 (accepted)
[2026-06-03T15:52:51Z INFO  impg::resolution] crush round 1: replacement build progress 650/748 (accepted)
[2026-06-03T15:52:51Z INFO  impg::resolution] crush round 1: replacement build progress 675/748 (accepted)
[2026-06-03T15:52:51Z INFO  impg::resolution] crush round 1: replacement build progress 700/748 (accepted)
[2026-06-03T15:52:52Z INFO  impg::resolution] crush round 1: replacement build progress 725/748 (accepted)
[2026-06-03T15:52:52Z INFO  impg::resolution] crush round 1: replacement build progress 748/748 (accepted)
[2026-06-03T15:52:52Z INFO  impg::resolution] crush round 1: replacement compression diagnostics: ratio input/output n=748, min=30.617, p50=461.961, p90=463.943, max=464.991, mean=421.184, output-bp replacement n=748, min=3, p50=153, p90=416, max=958, total=146609; threshold=disabled (diagnostic only); no alternate aligner attempted and no replacement was rejected by ratio
[2026-06-03T15:52:54Z INFO  impg::resolution] crush round 1: 748 resolved (from sites discovered by re-POVU on round initial POVU on input local subgraphs); local POVU yielded 699 child key(s) (3 new + 696 reused) in 33.07ms
[2026-06-03T15:52:54Z INFO  impg::resolution] crush round 1: resolved 748/748 replacement(s) in 1.17s; rewrite+validate 2.06s; total 7.34s; ids minted 8187..11161; quality score=228033747, segments=8186, segment-bp=232093, links=11303, path-steps=4632725, mean-node-coverage=565.93, bp-weighted-node-coverage=459.68, node-coverage-p10/median/p90=1/464/931, singleton-nodes=926 (2808bp), high-coverage-nodes>=233=5823 (194929bp), trivial_stringy=0, ws-total=35157624678, ws-p99=189754, ws-max=217619, ws-long>=10000bp=208320 -> score=101920275, segments=8508, segment-bp=238257, links=11768, path-steps=4624834, mean-node-coverage=543.59, bp-weighted-node-coverage=447.79, node-coverage-p10/median/p90=1/464/930, singleton-nodes=956 (3095bp), high-coverage-nodes>=233=5858 (195023bp), trivial_stringy=9, ws-total=8814291397, ws-p99=83342, ws-max=237899, ws-long>=10000bp=96888
[2026-06-03T15:52:55Z INFO  impg::resolution] crush discovery: rendering working graph with 8508 segment(s), 465 path(s)
[2026-06-03T15:52:56Z INFO  impg::resolution] crush discovery: parsing rendered graph with POVU (28443116 bytes)
[2026-06-03T15:52:57Z INFO  impg::resolution] crush discovery: decomposing rendered graph with POVU using root 'CHM13#0#chr6:31744284-31976975(+)'
[2026-06-03T15:52:58Z INFO  impg::resolution] crush discovery detail: render 1.45s, povu-parse 876.19ms, povu-decompose 193.55ms, id-map 868.66µs, path-index 8.23ms, candidate-build 24.16ms, select+materialize 69.72ms (706 -> 629 selected, materialize 5.72ms); leaves=0
[2026-06-03T15:52:58Z INFO  impg::resolution] crush round 2: 3160 POVU site(s) on working graph, 918 candidate(s) (round 2 / strictly inside round 1 resolved bp regions), 629 selected in 3.07s
[2026-06-03T15:52:58Z INFO  impg::resolution] crush round 2 traversal stats: selected n=629, max-len median/max=171/780, median-len median/max=171/780, p90-len median/max=171/780, traversals max=465, total max=362700, step-savings max=991, root-span max=780
[2026-06-03T15:52:58Z INFO  impg::resolution] crush round 2: replacement build progress 25/629 (accepted)
[2026-06-03T15:52:58Z INFO  impg::resolution] crush round 2: replacement build progress 50/629 (accepted)
[2026-06-03T15:52:58Z INFO  impg::resolution] crush round 2: replacement build progress 75/629 (accepted)
[2026-06-03T15:52:58Z INFO  impg::resolution] crush round 2: replacement build progress 100/629 (accepted)
[2026-06-03T15:52:58Z INFO  impg::resolution] crush round 2: replacement build progress 125/629 (accepted)
[2026-06-03T15:52:58Z INFO  impg::resolution] crush round 2: replacement build progress 150/629 (accepted)
[2026-06-03T15:52:58Z INFO  impg::resolution] crush round 2: replacement build progress 175/629 (accepted)
[2026-06-03T15:52:58Z INFO  impg::resolution] crush round 2: replacement build progress 200/629 (accepted)
[2026-06-03T15:52:58Z INFO  impg::resolution] crush round 2: replacement build progress 225/629 (accepted)
[2026-06-03T15:52:58Z INFO  impg::resolution] crush round 2: replacement build progress 250/629 (accepted)
[2026-06-03T15:52:58Z INFO  impg::resolution] crush round 2: replacement build progress 275/629 (accepted)
[2026-06-03T15:52:58Z INFO  impg::resolution] crush round 2: replacement build progress 300/629 (accepted)
[2026-06-03T15:52:58Z INFO  impg::resolution] crush round 2: replacement build progress 325/629 (accepted)
[2026-06-03T15:52:58Z INFO  impg::resolution] crush round 2: replacement build progress 350/629 (accepted)
[2026-06-03T15:52:59Z INFO  impg::resolution] crush round 2: replacement build progress 375/629 (accepted)
[2026-06-03T15:52:59Z INFO  impg::resolution] crush round 2: replacement build progress 400/629 (accepted)
[2026-06-03T15:52:59Z INFO  impg::resolution] crush round 2: replacement build progress 425/629 (accepted)
[2026-06-03T15:52:59Z INFO  impg::resolution] crush round 2: replacement build progress 450/629 (accepted)
[2026-06-03T15:52:59Z INFO  impg::resolution] crush round 2: replacement build progress 475/629 (accepted)
[2026-06-03T15:52:59Z INFO  impg::resolution] crush round 2: replacement build progress 500/629 (accepted)
[2026-06-03T15:52:59Z INFO  impg::resolution] crush round 2: replacement build progress 525/629 (accepted)
[2026-06-03T15:52:59Z INFO  impg::resolution] crush round 2: replacement build progress 550/629 (accepted)
[2026-06-03T15:52:59Z INFO  impg::resolution] crush round 2: replacement build progress 575/629 (accepted)
[2026-06-03T15:52:59Z INFO  impg::resolution] crush round 2: replacement build progress 600/629 (accepted)
[2026-06-03T15:52:59Z INFO  impg::resolution] crush round 2: replacement build progress 625/629 (accepted)
[2026-06-03T15:52:59Z INFO  impg::resolution] crush round 2: replacement build progress 629/629 (accepted)
[2026-06-03T15:52:59Z INFO  impg::resolution] crush round 2: replacement compression diagnostics: ratio input/output n=629, min=187.600, p50=462.373, p90=463.933, max=464.996, mean=458.873, output-bp replacement n=629, min=3, p50=172, p90=378, max=781, total=126371; threshold=disabled (diagnostic only); no alternate aligner attempted and no replacement was rejected by ratio
[2026-06-03T15:53:01Z INFO  impg::resolution] crush round 2: 629 resolved (from sites discovered by re-POVU on round 1 local subgraphs); local POVU yielded 635 child key(s) (0 new + 635 reused) in 31.59ms
[2026-06-03T15:53:01Z INFO  impg::resolution] crush round 2: resolved 629/629 replacement(s) in 958.59ms; rewrite+validate 1.88s; total 7.03s; ids minted 11161..13615; quality score=101920275, segments=8508, segment-bp=238257, links=11768, path-steps=4624834, mean-node-coverage=543.59, bp-weighted-node-coverage=447.79, node-coverage-p10/median/p90=1/464/930, singleton-nodes=956 (3095bp), high-coverage-nodes>=233=5858 (195023bp), trivial_stringy=9, ws-total=8814291397, ws-p99=83342, ws-max=237899, ws-long>=10000bp=96888 -> score=111498827, segments=8557, segment-bp=239533, links=11817, path-steps=4624787, mean-node-coverage=540.47, bp-weighted-node-coverage=445.41, node-coverage-p10/median/p90=1/464/930, singleton-nodes=974 (3627bp), high-coverage-nodes>=233=5877 (195044bp), trivial_stringy=10, ws-total=10059697483, ws-p99=91451, ws-max=238587, ws-long>=10000bp=105564
[2026-06-03T15:53:02Z INFO  impg::resolution] crush discovery: rendering working graph with 8557 segment(s), 465 path(s)
[2026-06-03T15:53:03Z INFO  impg::resolution] crush discovery: parsing rendered graph with POVU (29192732 bytes)
[2026-06-03T15:53:04Z INFO  impg::resolution] crush discovery: decomposing rendered graph with POVU using root 'CHM13#0#chr6:31744284-31976975(+)'
[2026-06-03T15:53:05Z INFO  impg::resolution] crush discovery detail: render 1.44s, povu-parse 841.52ms, povu-decompose 192.00ms, id-map 639.24µs, path-index 6.98ms, candidate-build 23.34ms, select+materialize 12.05ms (242 -> 161 selected, materialize 4.30ms); leaves=0
[2026-06-03T15:53:05Z INFO  impg::resolution] crush round 3: 3160 POVU site(s) on working graph, 271 candidate(s) (round 3 / strictly inside round 2 resolved bp regions), 161 selected in 2.97s
[2026-06-03T15:53:05Z INFO  impg::resolution] crush round 3 traversal stats: selected n=161, max-len median/max=100/674, median-len median/max=100/673, p90-len median/max=100/673, traversals max=465, total max=312950, step-savings max=933, root-span max=673
[2026-06-03T15:53:05Z INFO  impg::resolution] crush round 3: replacement build progress 25/161 (accepted)
[2026-06-03T15:53:05Z INFO  impg::resolution] crush round 3: replacement build progress 50/161 (accepted)
[2026-06-03T15:53:05Z INFO  impg::resolution] crush round 3: replacement build progress 75/161 (accepted)
[2026-06-03T15:53:05Z INFO  impg::resolution] crush round 3: replacement build progress 100/161 (accepted)
[2026-06-03T15:53:05Z INFO  impg::resolution] crush round 3: replacement build progress 125/161 (accepted)
[2026-06-03T15:53:05Z INFO  impg::resolution] crush round 3: replacement build progress 150/161 (accepted)
[2026-06-03T15:53:05Z INFO  impg::resolution] crush round 3: replacement build progress 161/161 (accepted)
[2026-06-03T15:53:05Z INFO  impg::resolution] crush round 3: replacement compression diagnostics: ratio input/output n=161, min=235.000, p50=460.206, p90=463.225, max=464.998, mean=454.760, output-bp replacement n=161, min=4, p50=101, p90=227, max=674, total=19478; threshold=disabled (diagnostic only); no alternate aligner attempted and no replacement was rejected by ratio
[2026-06-03T15:53:07Z INFO  impg::resolution] crush round 3: 161 resolved (from sites discovered by re-POVU on round 2 local subgraphs); local POVU yielded 164 child key(s) (0 new + 164 reused) in 8.95ms
[2026-06-03T15:53:07Z INFO  impg::resolution] crush round 3: resolved 161/161 replacement(s) in 242.58ms; rewrite+validate 1.81s; total 6.04s; ids minted 13615..14225; quality score=111498827, segments=8557, segment-bp=239533, links=11817, path-steps=4624787, mean-node-coverage=540.47, bp-weighted-node-coverage=445.41, node-coverage-p10/median/p90=1/464/930, singleton-nodes=974 (3627bp), high-coverage-nodes>=233=5877 (195044bp), trivial_stringy=10, ws-total=10059697483, ws-p99=91451, ws-max=238587, ws-long>=10000bp=105564 -> score=122074849, segments=8570, segment-bp=241164, links=11830, path-steps=4624787, mean-node-coverage=539.65, bp-weighted-node-coverage=442.39, node-coverage-p10/median/p90=1/464/930, singleton-nodes=978 (4114bp), high-coverage-nodes>=233=5877 (195044bp), trivial_stringy=10, ws-total=11534492520, ws-p99=99835, ws-max=240713, ws-long>=10000bp=119432
[2026-06-03T15:53:08Z INFO  impg::resolution] crush discovery: rendering working graph with 8570 segment(s), 465 path(s)
[2026-06-03T15:53:09Z INFO  impg::resolution] crush discovery: parsing rendered graph with POVU (29317798 bytes)
[2026-06-03T15:53:10Z INFO  impg::resolution] crush discovery: decomposing rendered graph with POVU using root 'CHM13#0#chr6:31744284-31976975(+)'
[2026-06-03T15:53:11Z INFO  impg::resolution] crush discovery detail: render 1.44s, povu-parse 867.59ms, povu-decompose 191.89ms, id-map 447.53µs, path-index 6.28ms, candidate-build 23.28ms, select+materialize 1.90ms (84 -> 3 selected, materialize 1.24ms); leaves=0
[2026-06-03T15:53:11Z INFO  impg::resolution] crush round 4: 3160 POVU site(s) on working graph, 110 candidate(s) (round 4 / strictly inside round 3 resolved bp regions), 3 selected in 2.98s
[2026-06-03T15:53:11Z INFO  impg::resolution] crush round 4 traversal stats: selected n=3, max-len median/max=226/307, median-len median/max=225/302, p90-len median/max=225/302, traversals max=423, total max=127761, step-savings max=442, root-span max=302
[2026-06-03T15:53:11Z INFO  impg::resolution] crush round 4: building replacement 1/3 with Poasta; traversals=388, max-len=158, median-len=157, total-len=60968, root-span=157
[2026-06-03T15:53:11Z INFO  impg::resolution] crush round 4: building replacement 2/3 with Poasta; traversals=423, max-len=307, median-len=302, total-len=127761, root-span=302
[2026-06-03T15:53:11Z INFO  impg::resolution] crush round 4: building replacement 3/3 with Poasta; traversals=191, max-len=226, median-len=225, total-len=42976, root-span=225
[2026-06-03T15:53:11Z INFO  impg::resolution] crush round 4: replacement build progress 1/3 (accepted)
[2026-06-03T15:53:11Z INFO  impg::resolution] crush round 4: replacement build progress 2/3 (accepted)
[2026-06-03T15:53:11Z INFO  impg::resolution] crush round 4: replacement build progress 3/3 (accepted)
[2026-06-03T15:53:11Z INFO  impg::resolution] crush round 4: replacement compression diagnostics: ratio input/output n=3, min=190.159, p50=385.873, p90=385.873, max=416.160, mean=330.731, output-bp replacement n=3, min=158, p50=226, p90=307, max=307, total=691; threshold=disabled (diagnostic only); no alternate aligner attempted and no replacement was rejected by ratio
[2026-06-03T15:53:13Z INFO  impg::resolution] crush round 4: 3 resolved (from sites discovered by re-POVU on round 3 local subgraphs); local POVU yielded 3 child key(s) (0 new + 3 reused) in 1.58ms
[2026-06-03T15:53:13Z INFO  impg::resolution] crush round 4: resolved 3/3 replacement(s) in 76.93ms; rewrite+validate 1.88s; total 5.97s; ids minted 14225..14234; quality score=122074849, segments=8570, segment-bp=241164, links=11830, path-steps=4624787, mean-node-coverage=539.65, bp-weighted-node-coverage=442.39, node-coverage-p10/median/p90=1/464/930, singleton-nodes=978 (4114bp), high-coverage-nodes>=233=5877 (195044bp), trivial_stringy=10, ws-total=11534492520, ws-p99=99835, ws-max=240713, ws-long>=10000bp=119432 -> score=126107278, segments=8573, segment-bp=241841, links=11833, path-steps=4624787, mean-node-coverage=539.46, bp-weighted-node-coverage=441.16, node-coverage-p10/median/p90=1/464/930, singleton-nodes=978 (4114bp), high-coverage-nodes>=233=5876 (194820bp), trivial_stringy=10, ws-total=12202064650, ws-p99=102976, ws-max=241388, ws-long>=10000bp=125081
[2026-06-03T15:53:14Z INFO  impg::resolution] crush discovery: rendering working graph with 8573 segment(s), 465 path(s)
[2026-06-03T15:53:15Z INFO  impg::resolution] crush discovery: parsing rendered graph with POVU (29318564 bytes)
[2026-06-03T15:53:16Z INFO  impg::resolution] crush discovery: decomposing rendered graph with POVU using root 'CHM13#0#chr6:31744284-31976975(+)'
[2026-06-03T15:53:17Z INFO  impg::resolution] crush discovery detail: render 1.44s, povu-parse 863.78ms, povu-decompose 193.97ms, id-map 508.80µs, path-index 6.55ms, candidate-build 23.14ms, select+materialize 1.88ms (81 -> 0 selected, materialize 1.17ms); leaves=0
[2026-06-03T15:53:17Z INFO  impg::resolution] crush round 5: no eligible candidates from 3160 POVU site(s) in 2.99s (round 4 resolved 3 region(s))
[2026-06-03T15:53:17Z INFO  impg::resolution] crush per-round frontier sizes (Phase 6 true level descent): [r1=748, r2=629, r3=161, r4=3]; total resolved=1541; next_id moved 8187 -> 14234
[2026-06-03T15:53:18Z INFO  impg] crush: 1541 resolved, 0 bailed, 1541 candidates seen across 4 rounds
	Command being timed: "/home/erikg/.cargo/bin/impg crush --gfa /home/erikg/impg/data/c4_whole_region_sweepga_seed_20260603T092921Z/graphs/one_many_minmatch1_scaffold0.initial.gfa --output /home/erikg/impg/.wg-worktrees/agent-450/data/c4_threshold_sweep_20260603T154441Z/poasta_median2500/poasta_median2500.gfa --method poasta --max-iterations 20 --max-span 0 --max-traversal-len 100k --max-median-traversal-len 2500 --max-total-sequence 500m --max-traversals 100k --poa-scoring 1,4,6,2,26,1 --threads 32 -v 1"
	User time (seconds): 128.15
	System time (seconds): 4.21
	Percent of CPU this job got: 376%
	Elapsed (wall clock) time (h:mm:ss or m:ss): 0:35.18
	Average shared text size (kbytes): 0
	Average unshared data size (kbytes): 0
	Average stack size (kbytes): 0
	Average total size (kbytes): 0
	Maximum resident set size (kbytes): 1841556
	Average resident set size (kbytes): 0
	Major (requiring I/O) page faults: 0
	Minor (reclaiming a frame) page faults: 1736560
	Voluntary context switches: 5658
	Involuntary context switches: 308
	Swaps: 0
	File system inputs: 0
	File system outputs: 57312
	Socket messages sent: 0
	Socket messages received: 0
	Signals delivered: 0
	Page size (bytes): 4096
	Exit status: 0
