[gfasort] reading /home/erikg/impg/.wg-worktrees/agent-450/data/c4_threshold_sweep_20260603T154441Z/poasta_median2500/poasta_median2500.gfa
[gfasort] loaded 8573 nodes, 11833 edges, 465 paths
[gfasort] [1/3] SGD
[path_sgd] iteration 10/100, updates this iter: 4640000
[path_sgd] iteration 20/100, updates this iter: 4683000
[path_sgd] iteration 30/100, updates this iter: 4683000
[path_sgd] iteration 40/100, updates this iter: 4661000
[path_sgd] iteration 50/100, updates this iter: 4651000
[path_sgd] iteration 60/100, updates this iter: 4649000
[path_sgd] iteration 70/100, updates this iter: 4654000
[path_sgd] iteration 80/100, updates this iter: 4634000
[path_sgd] iteration 90/100, updates this iter: 4673000
[path_sgd] iteration 100/100, updates this iter: 4628000
[path_sgd] Completed 101 iterations
[path_sgd] Checker thread exiting, final iteration: 101
[gfasort] [2/3] groom
[gfasort] [3/3] topo-sort
[gfasort] writing /home/erikg/impg/.wg-worktrees/agent-450/data/c4_threshold_sweep_20260603T154441Z/poasta_median2500/poasta_median2500.Ygs.gfa
[gfasort] done
	Command being timed: "gfasort -i /home/erikg/impg/.wg-worktrees/agent-450/data/c4_threshold_sweep_20260603T154441Z/poasta_median2500/poasta_median2500.gfa -o /home/erikg/impg/.wg-worktrees/agent-450/data/c4_threshold_sweep_20260603T154441Z/poasta_median2500/poasta_median2500.Ygs.gfa -p Ygs -t 32"
	User time (seconds): 284.07
	System time (seconds): 0.97
	Percent of CPU this job got: 1952%
	Elapsed (wall clock) time (h:mm:ss or m:ss): 0:14.59
	Average shared text size (kbytes): 0
	Average unshared data size (kbytes): 0
	Average stack size (kbytes): 0
	Average total size (kbytes): 0
	Maximum resident set size (kbytes): 252484
	Average resident set size (kbytes): 0
	Major (requiring I/O) page faults: 0
	Minor (reclaiming a frame) page faults: 263533
	Voluntary context switches: 8543
	Involuntary context switches: 384
	Swaps: 0
	File system inputs: 0
	File system outputs: 54280
	Socket messages sent: 0
	Socket messages received: 0
	Signals delivered: 0
	Page size (bytes): 4096
	Exit status: 0
