	Command being timed: "/home/erikg/.cargo/bin/impg graph-report -g /home/erikg/impg/.wg-worktrees/agent-450/data/c4_threshold_sweep_20260603T154441Z/poa_median2000/poa_median2000.gfa -o /home/erikg/impg/.wg-worktrees/agent-450/data/c4_threshold_sweep_20260603T154441Z/poa_median2000/graph-report.tsv --format tsv --top 20 -t 32 -v 1"
	User time (seconds): 8.46
	System time (seconds): 1.36
	Percent of CPU this job got: 100%
	Elapsed (wall clock) time (h:mm:ss or m:ss): 0:09.82
	Average shared text size (kbytes): 0
	Average unshared data size (kbytes): 0
	Average stack size (kbytes): 0
	Average total size (kbytes): 0
	Maximum resident set size (kbytes): 1471064
	Average resident set size (kbytes): 0
	Major (requiring I/O) page faults: 0
	Minor (reclaiming a frame) page faults: 668561
	Voluntary context switches: 67
	Involuntary context switches: 24
	Swaps: 0
	File system inputs: 0
	File system outputs: 8
	Socket messages sent: 0
	Socket messages received: 0
	Signals delivered: 0
	Page size (bytes): 4096
	Exit status: 0
